2017-05-12 10:32:09.158  INFO 60000 --- [main] c.w.f.FrontendApplication                : Starting FrontendApplication on NO90WRK-EIRIK with PID 60000 (C:\whereCanIStream\whereCanIStream\target\classes started by djuve in C:\whereCanIStream\whereCanIStream)
2017-05-12 10:32:09.162  INFO 60000 --- [main] c.w.f.FrontendApplication                : No active profile set, falling back to default profiles: default
2017-05-12 10:32:09.352  INFO 60000 --- [main] ationConfigEmbeddedWebApplicationContext : Refreshing org.springframework.boot.context.embedded.AnnotationConfigEmbeddedWebApplicationContext@5a1de7fb: startup date [Fri May 12 10:32:09 CEST 2017]; root of context hierarchy
2017-05-12 10:32:10.546  INFO 60000 --- [main] s.b.c.e.t.TomcatEmbeddedServletContainer : Tomcat initialized with port(s): 8080 (http)
2017-05-12 10:32:10.555  INFO 60000 --- [main] o.a.c.c.StandardService                  : Starting service Tomcat
2017-05-12 10:32:10.556  INFO 60000 --- [main] o.a.c.c.StandardEngine                   : Starting Servlet Engine: Apache Tomcat/8.5.14
2017-05-12 10:32:10.639  INFO 60000 --- [localhost-startStop-1] o.a.c.c.C.[.[.[/]                        : Initializing Spring embedded WebApplicationContext
2017-05-12 10:32:10.639  INFO 60000 --- [localhost-startStop-1] o.s.w.c.ContextLoader                    : Root WebApplicationContext: initialization completed in 1290 ms
2017-05-12 10:32:10.820  INFO 60000 --- [localhost-startStop-1] o.s.b.w.s.FilterRegistrationBean         : Mapping filter: 'characterEncodingFilter' to: [/*]
2017-05-12 10:32:10.820  INFO 60000 --- [localhost-startStop-1] o.s.b.w.s.FilterRegistrationBean         : Mapping filter: 'hiddenHttpMethodFilter' to: [/*]
2017-05-12 10:32:10.821  INFO 60000 --- [localhost-startStop-1] o.s.b.w.s.FilterRegistrationBean         : Mapping filter: 'httpPutFormContentFilter' to: [/*]
2017-05-12 10:32:10.821  INFO 60000 --- [localhost-startStop-1] o.s.b.w.s.FilterRegistrationBean         : Mapping filter: 'requestContextFilter' to: [/*]
2017-05-12 10:32:10.822  INFO 60000 --- [localhost-startStop-1] .s.DelegatingFilterProxyRegistrationBean : Mapping filter: 'springSecurityFilterChain' to: [/*]
2017-05-12 10:32:10.823  INFO 60000 --- [localhost-startStop-1] o.s.b.w.s.ServletRegistrationBean        : Mapping servlet: 'dispatcherServlet' to [/]
2017-05-12 10:32:11.340  INFO 60000 --- [main] o.s.s.w.DefaultSecurityFilterChain       : Creating filter chain: org.springframework.security.web.util.matcher.AnyRequestMatcher@1, [org.springframework.security.web.context.request.async.WebAsyncManagerIntegrationFilter@1f1e58ca, org.springframework.security.web.context.SecurityContextPersistenceFilter@2d64c100, org.springframework.security.web.header.HeaderWriterFilter@5ec5ea63, org.springframework.security.web.csrf.CsrfFilter@514de325, org.springframework.security.web.authentication.logout.LogoutFilter@51d719bc, org.springframework.security.web.authentication.UsernamePasswordAuthenticationFilter@7ad1caa2, org.springframework.security.web.savedrequest.RequestCacheAwareFilter@2fdf17dc, org.springframework.security.web.servletapi.SecurityContextHolderAwareRequestFilter@7f37b6d9, org.springframework.security.web.authentication.AnonymousAuthenticationFilter@57f847af, org.springframework.security.web.session.SessionManagementFilter@47d023b7, org.springframework.security.web.access.ExceptionTranslationFilter@474821de, org.springframework.security.web.access.intercept.FilterSecurityInterceptor@50f097b5]
2017-05-12 10:32:11.437  INFO 60000 --- [main] s.w.s.m.m.a.RequestMappingHandlerAdapter : Looking for @ControllerAdvice: org.springframework.boot.context.embedded.AnnotationConfigEmbeddedWebApplicationContext@5a1de7fb: startup date [Fri May 12 10:32:09 CEST 2017]; root of context hierarchy
2017-05-12 10:32:11.506  INFO 60000 --- [main] s.w.s.m.m.a.RequestMappingHandlerMapping : Mapped "{[/register],methods=[POST]}" onto public java.lang.String com.wherecanistream.frontend.controllers.frontendController.register(com.wherecanistream.frontend.domain.User,org.springframework.ui.Model)
2017-05-12 10:32:11.507  INFO 60000 --- [main] s.w.s.m.m.a.RequestMappingHandlerMapping : Mapped "{[/register],methods=[GET]}" onto public java.lang.String com.wherecanistream.frontend.controllers.frontendController.register(org.springframework.ui.Model)
2017-05-12 10:32:11.508  INFO 60000 --- [main] s.w.s.m.m.a.RequestMappingHandlerMapping : Mapped "{[/ || /home],methods=[GET]}" onto public java.lang.String com.wherecanistream.frontend.controllers.frontendController.home(org.springframework.ui.Model)
2017-05-12 10:32:11.508  INFO 60000 --- [main] s.w.s.m.m.a.RequestMappingHandlerMapping : Mapped "{[/profile],methods=[GET]}" onto public java.lang.String com.wherecanistream.frontend.controllers.frontendController.showUserData(org.springframework.ui.Model)
2017-05-12 10:32:11.508  INFO 60000 --- [main] s.w.s.m.m.a.RequestMappingHandlerMapping : Mapped "{[/login],methods=[GET]}" onto public java.lang.String com.wherecanistream.frontend.controllers.frontendController.login(org.springframework.ui.Model,java.lang.String,java.lang.String)
2017-05-12 10:32:11.509  INFO 60000 --- [main] s.w.s.m.m.a.RequestMappingHandlerMapping : Mapped "{[/profileUpdate],methods=[GET]}" onto public java.lang.String com.wherecanistream.frontend.controllers.frontendController.updateUser(org.springframework.ui.Model)
2017-05-12 10:32:11.509  INFO 60000 --- [main] s.w.s.m.m.a.RequestMappingHandlerMapping : Mapped "{[/profileUpdate],methods=[POST]}" onto public java.lang.String com.wherecanistream.frontend.controllers.frontendController.updateUser(com.wherecanistream.frontend.domain.User,org.springframework.ui.Model)
2017-05-12 10:32:11.512  INFO 60000 --- [main] s.w.s.m.m.a.RequestMappingHandlerMapping : Mapped "{[/error]}" onto public org.springframework.http.ResponseEntity<java.util.Map<java.lang.String, java.lang.Object>> org.springframework.boot.autoconfigure.web.BasicErrorController.error(javax.servlet.http.HttpServletRequest)
2017-05-12 10:32:11.512  INFO 60000 --- [main] s.w.s.m.m.a.RequestMappingHandlerMapping : Mapped "{[/error],produces=[text/html]}" onto public org.springframework.web.servlet.ModelAndView org.springframework.boot.autoconfigure.web.BasicErrorController.errorHtml(javax.servlet.http.HttpServletRequest,javax.servlet.http.HttpServletResponse)
2017-05-12 10:32:11.573  INFO 60000 --- [main] o.s.w.s.h.SimpleUrlHandlerMapping        : Mapped URL path [/webjars/**] onto handler of type [class org.springframework.web.servlet.resource.ResourceHttpRequestHandler]
2017-05-12 10:32:11.573  INFO 60000 --- [main] o.s.w.s.h.SimpleUrlHandlerMapping        : Mapped URL path [/**] onto handler of type [class org.springframework.web.servlet.resource.ResourceHttpRequestHandler]
2017-05-12 10:32:11.619  INFO 60000 --- [main] o.s.w.s.h.SimpleUrlHandlerMapping        : Mapped URL path [/**/favicon.ico] onto handler of type [class org.springframework.web.servlet.resource.ResourceHttpRequestHandler]
2017-05-12 10:32:12.134  INFO 60000 --- [main] o.s.j.e.a.AnnotationMBeanExporter        : Registering beans for JMX exposure on startup
2017-05-12 10:32:12.191  INFO 60000 --- [main] s.b.c.e.t.TomcatEmbeddedServletContainer : Tomcat started on port(s): 8080 (http)
2017-05-12 10:32:12.196  INFO 60000 --- [main] c.w.f.FrontendApplication                : Started FrontendApplication in 3.54 seconds (JVM running for 4.315)
2017-05-12 10:32:16.475  INFO 60000 --- [http-nio-8080-exec-1] o.a.c.c.C.[.[.[/]                        : Initializing Spring FrameworkServlet 'dispatcherServlet'
2017-05-12 10:32:16.475  INFO 60000 --- [http-nio-8080-exec-1] o.s.w.s.DispatcherServlet                : FrameworkServlet 'dispatcherServlet': initialization started
2017-05-12 10:32:16.493  INFO 60000 --- [http-nio-8080-exec-1] o.s.w.s.DispatcherServlet                : FrameworkServlet 'dispatcherServlet': initialization completed in 17 ms
2017-05-12 10:32:19.955 ERROR 60000 --- [http-nio-8080-exec-5] w.a.UsernamePasswordAuthenticationFilter : An internal error occurred while trying to authenticate the user.

org.springframework.security.authentication.InternalAuthenticationServiceException: I/O error on POST request for "http://localhost:10955/get": Connection refused: connect; nested exception is java.net.ConnectException: Connection refused: connect
	at org.springframework.security.authentication.dao.DaoAuthenticationProvider.retrieveUser(DaoAuthenticationProvider.java:126) ~[spring-security-core-4.2.2.RELEASE.jar:4.2.2.RELEASE]
	at org.springframework.security.authentication.dao.AbstractUserDetailsAuthenticationProvider.authenticate(AbstractUserDetailsAuthenticationProvider.java:144) ~[spring-security-core-4.2.2.RELEASE.jar:4.2.2.RELEASE]
	at org.springframework.security.authentication.ProviderManager.authenticate(ProviderManager.java:174) ~[spring-security-core-4.2.2.RELEASE.jar:4.2.2.RELEASE]
	at org.springframework.security.authentication.ProviderManager.authenticate(ProviderManager.java:199) ~[spring-security-core-4.2.2.RELEASE.jar:4.2.2.RELEASE]
	at org.springframework.security.web.authentication.UsernamePasswordAuthenticationFilter.attemptAuthentication(UsernamePasswordAuthenticationFilter.java:94) ~[spring-security-web-4.2.2.RELEASE.jar:4.2.2.RELEASE]
	at org.springframework.security.web.authentication.AbstractAuthenticationProcessingFilter.doFilter(AbstractAuthenticationProcessingFilter.java:212) [spring-security-web-4.2.2.RELEASE.jar:4.2.2.RELEASE]
	at org.springframework.security.web.FilterChainProxy$VirtualFilterChain.doFilter(FilterChainProxy.java:331) [spring-security-web-4.2.2.RELEASE.jar:4.2.2.RELEASE]
	at org.springframework.security.web.authentication.logout.LogoutFilter.doFilter(LogoutFilter.java:116) [spring-security-web-4.2.2.RELEASE.jar:4.2.2.RELEASE]
	at org.springframework.security.web.FilterChainProxy$VirtualFilterChain.doFilter(FilterChainProxy.java:331) [spring-security-web-4.2.2.RELEASE.jar:4.2.2.RELEASE]
	at org.springframework.security.web.csrf.CsrfFilter.doFilterInternal(CsrfFilter.java:124) [spring-security-web-4.2.2.RELEASE.jar:4.2.2.RELEASE]
	at org.springframework.web.filter.OncePerRequestFilter.doFilter(OncePerRequestFilter.java:107) [spring-web-4.3.8.RELEASE.jar:4.3.8.RELEASE]
	at org.springframework.security.web.FilterChainProxy$VirtualFilterChain.doFilter(FilterChainProxy.java:331) [spring-security-web-4.2.2.RELEASE.jar:4.2.2.RELEASE]
	at org.springframework.security.web.header.HeaderWriterFilter.doFilterInternal(HeaderWriterFilter.java:64) [spring-security-web-4.2.2.RELEASE.jar:4.2.2.RELEASE]
	at org.springframework.web.filter.OncePerRequestFilter.doFilter(OncePerRequestFilter.java:107) [spring-web-4.3.8.RELEASE.jar:4.3.8.RELEASE]
	at org.springframework.security.web.FilterChainProxy$VirtualFilterChain.doFilter(FilterChainProxy.java:331) [spring-security-web-4.2.2.RELEASE.jar:4.2.2.RELEASE]
	at org.springframework.security.web.context.SecurityContextPersistenceFilter.doFilter(SecurityContextPersistenceFilter.java:105) [spring-security-web-4.2.2.RELEASE.jar:4.2.2.RELEASE]
	at org.springframework.security.web.FilterChainProxy$VirtualFilterChain.doFilter(FilterChainProxy.java:331) [spring-security-web-4.2.2.RELEASE.jar:4.2.2.RELEASE]
	at org.springframework.security.web.context.request.async.WebAsyncManagerIntegrationFilter.doFilterInternal(WebAsyncManagerIntegrationFilter.java:56) [spring-security-web-4.2.2.RELEASE.jar:4.2.2.RELEASE]
	at org.springframework.web.filter.OncePerRequestFilter.doFilter(OncePerRequestFilter.java:107) [spring-web-4.3.8.RELEASE.jar:4.3.8.RELEASE]
	at org.springframework.security.web.FilterChainProxy$VirtualFilterChain.doFilter(FilterChainProxy.java:331) [spring-security-web-4.2.2.RELEASE.jar:4.2.2.RELEASE]
	at org.springframework.security.web.FilterChainProxy.doFilterInternal(FilterChainProxy.java:214) [spring-security-web-4.2.2.RELEASE.jar:4.2.2.RELEASE]
	at org.springframework.security.web.FilterChainProxy.doFilter(FilterChainProxy.java:177) [spring-security-web-4.2.2.RELEASE.jar:4.2.2.RELEASE]
	at org.springframework.web.filter.DelegatingFilterProxy.invokeDelegate(DelegatingFilterProxy.java:346) [spring-web-4.3.8.RELEASE.jar:4.3.8.RELEASE]
	at org.springframework.web.filter.DelegatingFilterProxy.doFilter(DelegatingFilterProxy.java:262) [spring-web-4.3.8.RELEASE.jar:4.3.8.RELEASE]
	at org.apache.catalina.core.ApplicationFilterChain.internalDoFilter(ApplicationFilterChain.java:193) [tomcat-embed-core-8.5.14.jar:8.5.14]
	at org.apache.catalina.core.ApplicationFilterChain.doFilter(ApplicationFilterChain.java:166) [tomcat-embed-core-8.5.14.jar:8.5.14]
	at org.springframework.web.filter.RequestContextFilter.doFilterInternal(RequestContextFilter.java:99) [spring-web-4.3.8.RELEASE.jar:4.3.8.RELEASE]
	at org.springframework.web.filter.OncePerRequestFilter.doFilter(OncePerRequestFilter.java:107) [spring-web-4.3.8.RELEASE.jar:4.3.8.RELEASE]
	at org.apache.catalina.core.ApplicationFilterChain.internalDoFilter(ApplicationFilterChain.java:193) [tomcat-embed-core-8.5.14.jar:8.5.14]
	at org.apache.catalina.core.ApplicationFilterChain.doFilter(ApplicationFilterChain.java:166) [tomcat-embed-core-8.5.14.jar:8.5.14]
	at org.springframework.web.filter.HttpPutFormContentFilter.doFilterInternal(HttpPutFormContentFilter.java:105) [spring-web-4.3.8.RELEASE.jar:4.3.8.RELEASE]
	at org.springframework.web.filter.OncePerRequestFilter.doFilter(OncePerRequestFilter.java:107) [spring-web-4.3.8.RELEASE.jar:4.3.8.RELEASE]
	at org.apache.catalina.core.ApplicationFilterChain.internalDoFilter(ApplicationFilterChain.java:193) [tomcat-embed-core-8.5.14.jar:8.5.14]
	at org.apache.catalina.core.ApplicationFilterChain.doFilter(ApplicationFilterChain.java:166) [tomcat-embed-core-8.5.14.jar:8.5.14]
	at org.springframework.web.filter.HiddenHttpMethodFilter.doFilterInternal(HiddenHttpMethodFilter.java:81) [spring-web-4.3.8.RELEASE.jar:4.3.8.RELEASE]
	at org.springframework.web.filter.OncePerRequestFilter.doFilter(OncePerRequestFilter.java:107) [spring-web-4.3.8.RELEASE.jar:4.3.8.RELEASE]
	at org.apache.catalina.core.ApplicationFilterChain.internalDoFilter(ApplicationFilterChain.java:193) [tomcat-embed-core-8.5.14.jar:8.5.14]
	at org.apache.catalina.core.ApplicationFilterChain.doFilter(ApplicationFilterChain.java:166) [tomcat-embed-core-8.5.14.jar:8.5.14]
	at org.springframework.web.filter.CharacterEncodingFilter.doFilterInternal(CharacterEncodingFilter.java:197) [spring-web-4.3.8.RELEASE.jar:4.3.8.RELEASE]
	at org.springframework.web.filter.OncePerRequestFilter.doFilter(OncePerRequestFilter.java:107) [spring-web-4.3.8.RELEASE.jar:4.3.8.RELEASE]
	at org.apache.catalina.core.ApplicationFilterChain.internalDoFilter(ApplicationFilterChain.java:193) [tomcat-embed-core-8.5.14.jar:8.5.14]
	at org.apache.catalina.core.ApplicationFilterChain.doFilter(ApplicationFilterChain.java:166) [tomcat-embed-core-8.5.14.jar:8.5.14]
	at org.apache.catalina.core.StandardWrapperValve.invoke(StandardWrapperValve.java:198) [tomcat-embed-core-8.5.14.jar:8.5.14]
	at org.apache.catalina.core.StandardContextValve.invoke(StandardContextValve.java:96) [tomcat-embed-core-8.5.14.jar:8.5.14]
	at org.apache.catalina.authenticator.AuthenticatorBase.invoke(AuthenticatorBase.java:478) [tomcat-embed-core-8.5.14.jar:8.5.14]
	at org.apache.catalina.core.StandardHostValve.invoke(StandardHostValve.java:140) [tomcat-embed-core-8.5.14.jar:8.5.14]
	at org.apache.catalina.valves.ErrorReportValve.invoke(ErrorReportValve.java:80) [tomcat-embed-core-8.5.14.jar:8.5.14]
	at org.apache.catalina.core.StandardEngineValve.invoke(StandardEngineValve.java:87) [tomcat-embed-core-8.5.14.jar:8.5.14]
	at org.apache.catalina.connector.CoyoteAdapter.service(CoyoteAdapter.java:342) [tomcat-embed-core-8.5.14.jar:8.5.14]
	at org.apache.coyote.http11.Http11Processor.service(Http11Processor.java:799) [tomcat-embed-core-8.5.14.jar:8.5.14]
	at org.apache.coyote.AbstractProcessorLight.process(AbstractProcessorLight.java:66) [tomcat-embed-core-8.5.14.jar:8.5.14]
	at org.apache.coyote.AbstractProtocol$ConnectionHandler.process(AbstractProtocol.java:861) [tomcat-embed-core-8.5.14.jar:8.5.14]
	at org.apache.tomcat.util.net.NioEndpoint$SocketProcessor.doRun(NioEndpoint.java:1455) [tomcat-embed-core-8.5.14.jar:8.5.14]
	at org.apache.tomcat.util.net.SocketProcessorBase.run(SocketProcessorBase.java:49) [tomcat-embed-core-8.5.14.jar:8.5.14]
	at java.util.concurrent.ThreadPoolExecutor.runWorker(ThreadPoolExecutor.java:1142) [?:1.8.0_91]
	at java.util.concurrent.ThreadPoolExecutor$Worker.run(ThreadPoolExecutor.java:617) [?:1.8.0_91]
	at org.apache.tomcat.util.threads.TaskThread$WrappingRunnable.run(TaskThread.java:61) [tomcat-embed-core-8.5.14.jar:8.5.14]
	at java.lang.Thread.run(Thread.java:745) [?:1.8.0_91]
Caused by: org.springframework.web.client.ResourceAccessException: I/O error on POST request for "http://localhost:10955/get": Connection refused: connect; nested exception is java.net.ConnectException: Connection refused: connect
	at org.springframework.web.client.RestTemplate.doExecute(RestTemplate.java:666) ~[spring-web-4.3.8.RELEASE.jar:4.3.8.RELEASE]
	at org.springframework.web.client.RestTemplate.execute(RestTemplate.java:613) ~[spring-web-4.3.8.RELEASE.jar:4.3.8.RELEASE]
	at org.springframework.web.client.RestTemplate.postForObject(RestTemplate.java:380) ~[spring-web-4.3.8.RELEASE.jar:4.3.8.RELEASE]
	at com.wherecanistream.frontend.auth.RestHandler.getUserByLoginID(RestHandler.java:33) ~[classes/:?]
	at com.wherecanistream.frontend.auth.UserDetailsServiceImpl.loadUserByUsername(UserDetailsServiceImpl.java:29) ~[classes/:?]
	at org.springframework.security.authentication.dao.DaoAuthenticationProvider.retrieveUser(DaoAuthenticationProvider.java:114) ~[spring-security-core-4.2.2.RELEASE.jar:4.2.2.RELEASE]
	... 57 more
Caused by: java.net.ConnectException: Connection refused: connect
	at java.net.DualStackPlainSocketImpl.connect0(Native Method) ~[?:1.8.0_91]
	at java.net.DualStackPlainSocketImpl.socketConnect(DualStackPlainSocketImpl.java:79) ~[?:1.8.0_91]
	at java.net.AbstractPlainSocketImpl.doConnect(AbstractPlainSocketImpl.java:350) ~[?:1.8.0_91]
	at java.net.AbstractPlainSocketImpl.connectToAddress(AbstractPlainSocketImpl.java:206) ~[?:1.8.0_91]
	at java.net.AbstractPlainSocketImpl.connect(AbstractPlainSocketImpl.java:188) ~[?:1.8.0_91]
	at java.net.PlainSocketImpl.connect(PlainSocketImpl.java:172) ~[?:1.8.0_91]
	at java.net.SocksSocketImpl.connect(SocksSocketImpl.java:392) ~[?:1.8.0_91]
	at java.net.Socket.connect(Socket.java:589) ~[?:1.8.0_91]
	at java.net.Socket.connect(Socket.java:538) ~[?:1.8.0_91]
	at sun.net.NetworkClient.doConnect(NetworkClient.java:180) ~[?:1.8.0_91]
	at sun.net.www.http.HttpClient.openServer(HttpClient.java:432) ~[?:1.8.0_91]
	at sun.net.www.http.HttpClient.openServer(HttpClient.java:527) ~[?:1.8.0_91]
	at sun.net.www.http.HttpClient.<init>(HttpClient.java:211) ~[?:1.8.0_91]
	at sun.net.www.http.HttpClient.New(HttpClient.java:308) ~[?:1.8.0_91]
	at sun.net.www.http.HttpClient.New(HttpClient.java:326) ~[?:1.8.0_91]
	at sun.net.www.protocol.http.HttpURLConnection.getNewHttpClient(HttpURLConnection.java:1169) ~[?:1.8.0_91]
	at sun.net.www.protocol.http.HttpURLConnection.plainConnect0(HttpURLConnection.java:1105) ~[?:1.8.0_91]
	at sun.net.www.protocol.http.HttpURLConnection.plainConnect(HttpURLConnection.java:999) ~[?:1.8.0_91]
	at sun.net.www.protocol.http.HttpURLConnection.connect(HttpURLConnection.java:933) ~[?:1.8.0_91]
	at org.springframework.http.client.SimpleBufferingClientHttpRequest.executeInternal(SimpleBufferingClientHttpRequest.java:78) ~[spring-web-4.3.8.RELEASE.jar:4.3.8.RELEASE]
	at org.springframework.http.client.AbstractBufferingClientHttpRequest.executeInternal(AbstractBufferingClientHttpRequest.java:48) ~[spring-web-4.3.8.RELEASE.jar:4.3.8.RELEASE]
	at org.springframework.http.client.AbstractClientHttpRequest.execute(AbstractClientHttpRequest.java:53) ~[spring-web-4.3.8.RELEASE.jar:4.3.8.RELEASE]
	at org.springframework.web.client.RestTemplate.doExecute(RestTemplate.java:652) ~[spring-web-4.3.8.RELEASE.jar:4.3.8.RELEASE]
	at org.springframework.web.client.RestTemplate.execute(RestTemplate.java:613) ~[spring-web-4.3.8.RELEASE.jar:4.3.8.RELEASE]
	at org.springframework.web.client.RestTemplate.postForObject(RestTemplate.java:380) ~[spring-web-4.3.8.RELEASE.jar:4.3.8.RELEASE]
	at com.wherecanistream.frontend.auth.RestHandler.getUserByLoginID(RestHandler.java:33) ~[classes/:?]
	at com.wherecanistream.frontend.auth.UserDetailsServiceImpl.loadUserByUsername(UserDetailsServiceImpl.java:29) ~[classes/:?]
	at org.springframework.security.authentication.dao.DaoAuthenticationProvider.retrieveUser(DaoAuthenticationProvider.java:114) ~[spring-security-core-4.2.2.RELEASE.jar:4.2.2.RELEASE]
	... 57 more

2017-05-12 10:32:19.977  WARN 60000 --- [http-nio-8080-exec-6] c.w.f.c.frontendController               : 
2017-05-12 10:32:25.995 ERROR 60000 --- [http-nio-8080-exec-10] w.a.UsernamePasswordAuthenticationFilter : An internal error occurred while trying to authenticate the user.

org.springframework.security.authentication.InternalAuthenticationServiceException: I/O error on POST request for "http://localhost:10955/get": Connection refused: connect; nested exception is java.net.ConnectException: Connection refused: connect
	at org.springframework.security.authentication.dao.DaoAuthenticationProvider.retrieveUser(DaoAuthenticationProvider.java:126) ~[spring-security-core-4.2.2.RELEASE.jar:4.2.2.RELEASE]
	at org.springframework.security.authentication.dao.AbstractUserDetailsAuthenticationProvider.authenticate(AbstractUserDetailsAuthenticationProvider.java:144) ~[spring-security-core-4.2.2.RELEASE.jar:4.2.2.RELEASE]
	at org.springframework.security.authentication.ProviderManager.authenticate(ProviderManager.java:174) ~[spring-security-core-4.2.2.RELEASE.jar:4.2.2.RELEASE]
	at org.springframework.security.authentication.ProviderManager.authenticate(ProviderManager.java:199) ~[spring-security-core-4.2.2.RELEASE.jar:4.2.2.RELEASE]
	at org.springframework.security.web.authentication.UsernamePasswordAuthenticationFilter.attemptAuthentication(UsernamePasswordAuthenticationFilter.java:94) ~[spring-security-web-4.2.2.RELEASE.jar:4.2.2.RELEASE]
	at org.springframework.security.web.authentication.AbstractAuthenticationProcessingFilter.doFilter(AbstractAuthenticationProcessingFilter.java:212) [spring-security-web-4.2.2.RELEASE.jar:4.2.2.RELEASE]
	at org.springframework.security.web.FilterChainProxy$VirtualFilterChain.doFilter(FilterChainProxy.java:331) [spring-security-web-4.2.2.RELEASE.jar:4.2.2.RELEASE]
	at org.springframework.security.web.authentication.logout.LogoutFilter.doFilter(LogoutFilter.java:116) [spring-security-web-4.2.2.RELEASE.jar:4.2.2.RELEASE]
	at org.springframework.security.web.FilterChainProxy$VirtualFilterChain.doFilter(FilterChainProxy.java:331) [spring-security-web-4.2.2.RELEASE.jar:4.2.2.RELEASE]
	at org.springframework.security.web.csrf.CsrfFilter.doFilterInternal(CsrfFilter.java:124) [spring-security-web-4.2.2.RELEASE.jar:4.2.2.RELEASE]
	at org.springframework.web.filter.OncePerRequestFilter.doFilter(OncePerRequestFilter.java:107) [spring-web-4.3.8.RELEASE.jar:4.3.8.RELEASE]
	at org.springframework.security.web.FilterChainProxy$VirtualFilterChain.doFilter(FilterChainProxy.java:331) [spring-security-web-4.2.2.RELEASE.jar:4.2.2.RELEASE]
	at org.springframework.security.web.header.HeaderWriterFilter.doFilterInternal(HeaderWriterFilter.java:64) [spring-security-web-4.2.2.RELEASE.jar:4.2.2.RELEASE]
	at org.springframework.web.filter.OncePerRequestFilter.doFilter(OncePerRequestFilter.java:107) [spring-web-4.3.8.RELEASE.jar:4.3.8.RELEASE]
	at org.springframework.security.web.FilterChainProxy$VirtualFilterChain.doFilter(FilterChainProxy.java:331) [spring-security-web-4.2.2.RELEASE.jar:4.2.2.RELEASE]
	at org.springframework.security.web.context.SecurityContextPersistenceFilter.doFilter(SecurityContextPersistenceFilter.java:105) [spring-security-web-4.2.2.RELEASE.jar:4.2.2.RELEASE]
	at org.springframework.security.web.FilterChainProxy$VirtualFilterChain.doFilter(FilterChainProxy.java:331) [spring-security-web-4.2.2.RELEASE.jar:4.2.2.RELEASE]
	at org.springframework.security.web.context.request.async.WebAsyncManagerIntegrationFilter.doFilterInternal(WebAsyncManagerIntegrationFilter.java:56) [spring-security-web-4.2.2.RELEASE.jar:4.2.2.RELEASE]
	at org.springframework.web.filter.OncePerRequestFilter.doFilter(OncePerRequestFilter.java:107) [spring-web-4.3.8.RELEASE.jar:4.3.8.RELEASE]
	at org.springframework.security.web.FilterChainProxy$VirtualFilterChain.doFilter(FilterChainProxy.java:331) [spring-security-web-4.2.2.RELEASE.jar:4.2.2.RELEASE]
	at org.springframework.security.web.FilterChainProxy.doFilterInternal(FilterChainProxy.java:214) [spring-security-web-4.2.2.RELEASE.jar:4.2.2.RELEASE]
	at org.springframework.security.web.FilterChainProxy.doFilter(FilterChainProxy.java:177) [spring-security-web-4.2.2.RELEASE.jar:4.2.2.RELEASE]
	at org.springframework.web.filter.DelegatingFilterProxy.invokeDelegate(DelegatingFilterProxy.java:346) [spring-web-4.3.8.RELEASE.jar:4.3.8.RELEASE]
	at org.springframework.web.filter.DelegatingFilterProxy.doFilter(DelegatingFilterProxy.java:262) [spring-web-4.3.8.RELEASE.jar:4.3.8.RELEASE]
	at org.apache.catalina.core.ApplicationFilterChain.internalDoFilter(ApplicationFilterChain.java:193) [tomcat-embed-core-8.5.14.jar:8.5.14]
	at org.apache.catalina.core.ApplicationFilterChain.doFilter(ApplicationFilterChain.java:166) [tomcat-embed-core-8.5.14.jar:8.5.14]
	at org.springframework.web.filter.RequestContextFilter.doFilterInternal(RequestContextFilter.java:99) [spring-web-4.3.8.RELEASE.jar:4.3.8.RELEASE]
	at org.springframework.web.filter.OncePerRequestFilter.doFilter(OncePerRequestFilter.java:107) [spring-web-4.3.8.RELEASE.jar:4.3.8.RELEASE]
	at org.apache.catalina.core.ApplicationFilterChain.internalDoFilter(ApplicationFilterChain.java:193) [tomcat-embed-core-8.5.14.jar:8.5.14]
	at org.apache.catalina.core.ApplicationFilterChain.doFilter(ApplicationFilterChain.java:166) [tomcat-embed-core-8.5.14.jar:8.5.14]
	at org.springframework.web.filter.HttpPutFormContentFilter.doFilterInternal(HttpPutFormContentFilter.java:105) [spring-web-4.3.8.RELEASE.jar:4.3.8.RELEASE]
	at org.springframework.web.filter.OncePerRequestFilter.doFilter(OncePerRequestFilter.java:107) [spring-web-4.3.8.RELEASE.jar:4.3.8.RELEASE]
	at org.apache.catalina.core.ApplicationFilterChain.internalDoFilter(ApplicationFilterChain.java:193) [tomcat-embed-core-8.5.14.jar:8.5.14]
	at org.apache.catalina.core.ApplicationFilterChain.doFilter(ApplicationFilterChain.java:166) [tomcat-embed-core-8.5.14.jar:8.5.14]
	at org.springframework.web.filter.HiddenHttpMethodFilter.doFilterInternal(HiddenHttpMethodFilter.java:81) [spring-web-4.3.8.RELEASE.jar:4.3.8.RELEASE]
	at org.springframework.web.filter.OncePerRequestFilter.doFilter(OncePerRequestFilter.java:107) [spring-web-4.3.8.RELEASE.jar:4.3.8.RELEASE]
	at org.apache.catalina.core.ApplicationFilterChain.internalDoFilter(ApplicationFilterChain.java:193) [tomcat-embed-core-8.5.14.jar:8.5.14]
	at org.apache.catalina.core.ApplicationFilterChain.doFilter(ApplicationFilterChain.java:166) [tomcat-embed-core-8.5.14.jar:8.5.14]
	at org.springframework.web.filter.CharacterEncodingFilter.doFilterInternal(CharacterEncodingFilter.java:197) [spring-web-4.3.8.RELEASE.jar:4.3.8.RELEASE]
	at org.springframework.web.filter.OncePerRequestFilter.doFilter(OncePerRequestFilter.java:107) [spring-web-4.3.8.RELEASE.jar:4.3.8.RELEASE]
	at org.apache.catalina.core.ApplicationFilterChain.internalDoFilter(ApplicationFilterChain.java:193) [tomcat-embed-core-8.5.14.jar:8.5.14]
	at org.apache.catalina.core.ApplicationFilterChain.doFilter(ApplicationFilterChain.java:166) [tomcat-embed-core-8.5.14.jar:8.5.14]
	at org.apache.catalina.core.StandardWrapperValve.invoke(StandardWrapperValve.java:198) [tomcat-embed-core-8.5.14.jar:8.5.14]
	at org.apache.catalina.core.StandardContextValve.invoke(StandardContextValve.java:96) [tomcat-embed-core-8.5.14.jar:8.5.14]
	at org.apache.catalina.authenticator.AuthenticatorBase.invoke(AuthenticatorBase.java:478) [tomcat-embed-core-8.5.14.jar:8.5.14]
	at org.apache.catalina.core.StandardHostValve.invoke(StandardHostValve.java:140) [tomcat-embed-core-8.5.14.jar:8.5.14]
	at org.apache.catalina.valves.ErrorReportValve.invoke(ErrorReportValve.java:80) [tomcat-embed-core-8.5.14.jar:8.5.14]
	at org.apache.catalina.core.StandardEngineValve.invoke(StandardEngineValve.java:87) [tomcat-embed-core-8.5.14.jar:8.5.14]
	at org.apache.catalina.connector.CoyoteAdapter.service(CoyoteAdapter.java:342) [tomcat-embed-core-8.5.14.jar:8.5.14]
	at org.apache.coyote.http11.Http11Processor.service(Http11Processor.java:799) [tomcat-embed-core-8.5.14.jar:8.5.14]
	at org.apache.coyote.AbstractProcessorLight.process(AbstractProcessorLight.java:66) [tomcat-embed-core-8.5.14.jar:8.5.14]
	at org.apache.coyote.AbstractProtocol$ConnectionHandler.process(AbstractProtocol.java:861) [tomcat-embed-core-8.5.14.jar:8.5.14]
	at org.apache.tomcat.util.net.NioEndpoint$SocketProcessor.doRun(NioEndpoint.java:1455) [tomcat-embed-core-8.5.14.jar:8.5.14]
	at org.apache.tomcat.util.net.SocketProcessorBase.run(SocketProcessorBase.java:49) [tomcat-embed-core-8.5.14.jar:8.5.14]
	at java.util.concurrent.ThreadPoolExecutor.runWorker(ThreadPoolExecutor.java:1142) [?:1.8.0_91]
	at java.util.concurrent.ThreadPoolExecutor$Worker.run(ThreadPoolExecutor.java:617) [?:1.8.0_91]
	at org.apache.tomcat.util.threads.TaskThread$WrappingRunnable.run(TaskThread.java:61) [tomcat-embed-core-8.5.14.jar:8.5.14]
	at java.lang.Thread.run(Thread.java:745) [?:1.8.0_91]
Caused by: org.springframework.web.client.ResourceAccessException: I/O error on POST request for "http://localhost:10955/get": Connection refused: connect; nested exception is java.net.ConnectException: Connection refused: connect
	at org.springframework.web.client.RestTemplate.doExecute(RestTemplate.java:666) ~[spring-web-4.3.8.RELEASE.jar:4.3.8.RELEASE]
	at org.springframework.web.client.RestTemplate.execute(RestTemplate.java:613) ~[spring-web-4.3.8.RELEASE.jar:4.3.8.RELEASE]
	at org.springframework.web.client.RestTemplate.postForObject(RestTemplate.java:380) ~[spring-web-4.3.8.RELEASE.jar:4.3.8.RELEASE]
	at com.wherecanistream.frontend.auth.RestHandler.getUserByLoginID(RestHandler.java:33) ~[classes/:?]
	at com.wherecanistream.frontend.auth.UserDetailsServiceImpl.loadUserByUsername(UserDetailsServiceImpl.java:29) ~[classes/:?]
	at org.springframework.security.authentication.dao.DaoAuthenticationProvider.retrieveUser(DaoAuthenticationProvider.java:114) ~[spring-security-core-4.2.2.RELEASE.jar:4.2.2.RELEASE]
	... 57 more
Caused by: java.net.ConnectException: Connection refused: connect
	at java.net.DualStackPlainSocketImpl.connect0(Native Method) ~[?:1.8.0_91]
	at java.net.DualStackPlainSocketImpl.socketConnect(DualStackPlainSocketImpl.java:79) ~[?:1.8.0_91]
	at java.net.AbstractPlainSocketImpl.doConnect(AbstractPlainSocketImpl.java:350) ~[?:1.8.0_91]
	at java.net.AbstractPlainSocketImpl.connectToAddress(AbstractPlainSocketImpl.java:206) ~[?:1.8.0_91]
	at java.net.AbstractPlainSocketImpl.connect(AbstractPlainSocketImpl.java:188) ~[?:1.8.0_91]
	at java.net.PlainSocketImpl.connect(PlainSocketImpl.java:172) ~[?:1.8.0_91]
	at java.net.SocksSocketImpl.connect(SocksSocketImpl.java:392) ~[?:1.8.0_91]
	at java.net.Socket.connect(Socket.java:589) ~[?:1.8.0_91]
	at java.net.Socket.connect(Socket.java:538) ~[?:1.8.0_91]
	at sun.net.NetworkClient.doConnect(NetworkClient.java:180) ~[?:1.8.0_91]
	at sun.net.www.http.HttpClient.openServer(HttpClient.java:432) ~[?:1.8.0_91]
	at sun.net.www.http.HttpClient.openServer(HttpClient.java:527) ~[?:1.8.0_91]
	at sun.net.www.http.HttpClient.<init>(HttpClient.java:211) ~[?:1.8.0_91]
	at sun.net.www.http.HttpClient.New(HttpClient.java:308) ~[?:1.8.0_91]
	at sun.net.www.http.HttpClient.New(HttpClient.java:326) ~[?:1.8.0_91]
	at sun.net.www.protocol.http.HttpURLConnection.getNewHttpClient(HttpURLConnection.java:1169) ~[?:1.8.0_91]
	at sun.net.www.protocol.http.HttpURLConnection.plainConnect0(HttpURLConnection.java:1105) ~[?:1.8.0_91]
	at sun.net.www.protocol.http.HttpURLConnection.plainConnect(HttpURLConnection.java:999) ~[?:1.8.0_91]
	at sun.net.www.protocol.http.HttpURLConnection.connect(HttpURLConnection.java:933) ~[?:1.8.0_91]
	at org.springframework.http.client.SimpleBufferingClientHttpRequest.executeInternal(SimpleBufferingClientHttpRequest.java:78) ~[spring-web-4.3.8.RELEASE.jar:4.3.8.RELEASE]
	at org.springframework.http.client.AbstractBufferingClientHttpRequest.executeInternal(AbstractBufferingClientHttpRequest.java:48) ~[spring-web-4.3.8.RELEASE.jar:4.3.8.RELEASE]
	at org.springframework.http.client.AbstractClientHttpRequest.execute(AbstractClientHttpRequest.java:53) ~[spring-web-4.3.8.RELEASE.jar:4.3.8.RELEASE]
	at org.springframework.web.client.RestTemplate.doExecute(RestTemplate.java:652) ~[spring-web-4.3.8.RELEASE.jar:4.3.8.RELEASE]
	at org.springframework.web.client.RestTemplate.execute(RestTemplate.java:613) ~[spring-web-4.3.8.RELEASE.jar:4.3.8.RELEASE]
	at org.springframework.web.client.RestTemplate.postForObject(RestTemplate.java:380) ~[spring-web-4.3.8.RELEASE.jar:4.3.8.RELEASE]
	at com.wherecanistream.frontend.auth.RestHandler.getUserByLoginID(RestHandler.java:33) ~[classes/:?]
	at com.wherecanistream.frontend.auth.UserDetailsServiceImpl.loadUserByUsername(UserDetailsServiceImpl.java:29) ~[classes/:?]
	at org.springframework.security.authentication.dao.DaoAuthenticationProvider.retrieveUser(DaoAuthenticationProvider.java:114) ~[spring-security-core-4.2.2.RELEASE.jar:4.2.2.RELEASE]
	... 57 more

2017-05-12 10:32:26.006  WARN 60000 --- [http-nio-8080-exec-9] c.w.f.c.frontendController               : 
2017-05-12 10:37:34.681 ERROR 60000 --- [http-nio-8080-exec-4] w.a.UsernamePasswordAuthenticationFilter : An internal error occurred while trying to authenticate the user.

org.springframework.security.authentication.InternalAuthenticationServiceException: I/O error on POST request for "http://localhost:10955/get": Connection refused: connect; nested exception is java.net.ConnectException: Connection refused: connect
	at org.springframework.security.authentication.dao.DaoAuthenticationProvider.retrieveUser(DaoAuthenticationProvider.java:126) ~[spring-security-core-4.2.2.RELEASE.jar:4.2.2.RELEASE]
	at org.springframework.security.authentication.dao.AbstractUserDetailsAuthenticationProvider.authenticate(AbstractUserDetailsAuthenticationProvider.java:144) ~[spring-security-core-4.2.2.RELEASE.jar:4.2.2.RELEASE]
	at org.springframework.security.authentication.ProviderManager.authenticate(ProviderManager.java:174) ~[spring-security-core-4.2.2.RELEASE.jar:4.2.2.RELEASE]
	at org.springframework.security.authentication.ProviderManager.authenticate(ProviderManager.java:199) ~[spring-security-core-4.2.2.RELEASE.jar:4.2.2.RELEASE]
	at org.springframework.security.web.authentication.UsernamePasswordAuthenticationFilter.attemptAuthentication(UsernamePasswordAuthenticationFilter.java:94) ~[spring-security-web-4.2.2.RELEASE.jar:4.2.2.RELEASE]
	at org.springframework.security.web.authentication.AbstractAuthenticationProcessingFilter.doFilter(AbstractAuthenticationProcessingFilter.java:212) [spring-security-web-4.2.2.RELEASE.jar:4.2.2.RELEASE]
	at org.springframework.security.web.FilterChainProxy$VirtualFilterChain.doFilter(FilterChainProxy.java:331) [spring-security-web-4.2.2.RELEASE.jar:4.2.2.RELEASE]
	at org.springframework.security.web.authentication.logout.LogoutFilter.doFilter(LogoutFilter.java:116) [spring-security-web-4.2.2.RELEASE.jar:4.2.2.RELEASE]
	at org.springframework.security.web.FilterChainProxy$VirtualFilterChain.doFilter(FilterChainProxy.java:331) [spring-security-web-4.2.2.RELEASE.jar:4.2.2.RELEASE]
	at org.springframework.security.web.csrf.CsrfFilter.doFilterInternal(CsrfFilter.java:124) [spring-security-web-4.2.2.RELEASE.jar:4.2.2.RELEASE]
	at org.springframework.web.filter.OncePerRequestFilter.doFilter(OncePerRequestFilter.java:107) [spring-web-4.3.8.RELEASE.jar:4.3.8.RELEASE]
	at org.springframework.security.web.FilterChainProxy$VirtualFilterChain.doFilter(FilterChainProxy.java:331) [spring-security-web-4.2.2.RELEASE.jar:4.2.2.RELEASE]
	at org.springframework.security.web.header.HeaderWriterFilter.doFilterInternal(HeaderWriterFilter.java:64) [spring-security-web-4.2.2.RELEASE.jar:4.2.2.RELEASE]
	at org.springframework.web.filter.OncePerRequestFilter.doFilter(OncePerRequestFilter.java:107) [spring-web-4.3.8.RELEASE.jar:4.3.8.RELEASE]
	at org.springframework.security.web.FilterChainProxy$VirtualFilterChain.doFilter(FilterChainProxy.java:331) [spring-security-web-4.2.2.RELEASE.jar:4.2.2.RELEASE]
	at org.springframework.security.web.context.SecurityContextPersistenceFilter.doFilter(SecurityContextPersistenceFilter.java:105) [spring-security-web-4.2.2.RELEASE.jar:4.2.2.RELEASE]
	at org.springframework.security.web.FilterChainProxy$VirtualFilterChain.doFilter(FilterChainProxy.java:331) [spring-security-web-4.2.2.RELEASE.jar:4.2.2.RELEASE]
	at org.springframework.security.web.context.request.async.WebAsyncManagerIntegrationFilter.doFilterInternal(WebAsyncManagerIntegrationFilter.java:56) [spring-security-web-4.2.2.RELEASE.jar:4.2.2.RELEASE]
	at org.springframework.web.filter.OncePerRequestFilter.doFilter(OncePerRequestFilter.java:107) [spring-web-4.3.8.RELEASE.jar:4.3.8.RELEASE]
	at org.springframework.security.web.FilterChainProxy$VirtualFilterChain.doFilter(FilterChainProxy.java:331) [spring-security-web-4.2.2.RELEASE.jar:4.2.2.RELEASE]
	at org.springframework.security.web.FilterChainProxy.doFilterInternal(FilterChainProxy.java:214) [spring-security-web-4.2.2.RELEASE.jar:4.2.2.RELEASE]
	at org.springframework.security.web.FilterChainProxy.doFilter(FilterChainProxy.java:177) [spring-security-web-4.2.2.RELEASE.jar:4.2.2.RELEASE]
	at org.springframework.web.filter.DelegatingFilterProxy.invokeDelegate(DelegatingFilterProxy.java:346) [spring-web-4.3.8.RELEASE.jar:4.3.8.RELEASE]
	at org.springframework.web.filter.DelegatingFilterProxy.doFilter(DelegatingFilterProxy.java:262) [spring-web-4.3.8.RELEASE.jar:4.3.8.RELEASE]
	at org.apache.catalina.core.ApplicationFilterChain.internalDoFilter(ApplicationFilterChain.java:193) [tomcat-embed-core-8.5.14.jar:8.5.14]
	at org.apache.catalina.core.ApplicationFilterChain.doFilter(ApplicationFilterChain.java:166) [tomcat-embed-core-8.5.14.jar:8.5.14]
	at org.springframework.web.filter.RequestContextFilter.doFilterInternal(RequestContextFilter.java:99) [spring-web-4.3.8.RELEASE.jar:4.3.8.RELEASE]
	at org.springframework.web.filter.OncePerRequestFilter.doFilter(OncePerRequestFilter.java:107) [spring-web-4.3.8.RELEASE.jar:4.3.8.RELEASE]
	at org.apache.catalina.core.ApplicationFilterChain.internalDoFilter(ApplicationFilterChain.java:193) [tomcat-embed-core-8.5.14.jar:8.5.14]
	at org.apache.catalina.core.ApplicationFilterChain.doFilter(ApplicationFilterChain.java:166) [tomcat-embed-core-8.5.14.jar:8.5.14]
	at org.springframework.web.filter.HttpPutFormContentFilter.doFilterInternal(HttpPutFormContentFilter.java:105) [spring-web-4.3.8.RELEASE.jar:4.3.8.RELEASE]
	at org.springframework.web.filter.OncePerRequestFilter.doFilter(OncePerRequestFilter.java:107) [spring-web-4.3.8.RELEASE.jar:4.3.8.RELEASE]
	at org.apache.catalina.core.ApplicationFilterChain.internalDoFilter(ApplicationFilterChain.java:193) [tomcat-embed-core-8.5.14.jar:8.5.14]
	at org.apache.catalina.core.ApplicationFilterChain.doFilter(ApplicationFilterChain.java:166) [tomcat-embed-core-8.5.14.jar:8.5.14]
	at org.springframework.web.filter.HiddenHttpMethodFilter.doFilterInternal(HiddenHttpMethodFilter.java:81) [spring-web-4.3.8.RELEASE.jar:4.3.8.RELEASE]
	at org.springframework.web.filter.OncePerRequestFilter.doFilter(OncePerRequestFilter.java:107) [spring-web-4.3.8.RELEASE.jar:4.3.8.RELEASE]
	at org.apache.catalina.core.ApplicationFilterChain.internalDoFilter(ApplicationFilterChain.java:193) [tomcat-embed-core-8.5.14.jar:8.5.14]
	at org.apache.catalina.core.ApplicationFilterChain.doFilter(ApplicationFilterChain.java:166) [tomcat-embed-core-8.5.14.jar:8.5.14]
	at org.springframework.web.filter.CharacterEncodingFilter.doFilterInternal(CharacterEncodingFilter.java:197) [spring-web-4.3.8.RELEASE.jar:4.3.8.RELEASE]
	at org.springframework.web.filter.OncePerRequestFilter.doFilter(OncePerRequestFilter.java:107) [spring-web-4.3.8.RELEASE.jar:4.3.8.RELEASE]
	at org.apache.catalina.core.ApplicationFilterChain.internalDoFilter(ApplicationFilterChain.java:193) [tomcat-embed-core-8.5.14.jar:8.5.14]
	at org.apache.catalina.core.ApplicationFilterChain.doFilter(ApplicationFilterChain.java:166) [tomcat-embed-core-8.5.14.jar:8.5.14]
	at org.apache.catalina.core.StandardWrapperValve.invoke(StandardWrapperValve.java:198) [tomcat-embed-core-8.5.14.jar:8.5.14]
	at org.apache.catalina.core.StandardContextValve.invoke(StandardContextValve.java:96) [tomcat-embed-core-8.5.14.jar:8.5.14]
	at org.apache.catalina.authenticator.AuthenticatorBase.invoke(AuthenticatorBase.java:478) [tomcat-embed-core-8.5.14.jar:8.5.14]
	at org.apache.catalina.core.StandardHostValve.invoke(StandardHostValve.java:140) [tomcat-embed-core-8.5.14.jar:8.5.14]
	at org.apache.catalina.valves.ErrorReportValve.invoke(ErrorReportValve.java:80) [tomcat-embed-core-8.5.14.jar:8.5.14]
	at org.apache.catalina.core.StandardEngineValve.invoke(StandardEngineValve.java:87) [tomcat-embed-core-8.5.14.jar:8.5.14]
	at org.apache.catalina.connector.CoyoteAdapter.service(CoyoteAdapter.java:342) [tomcat-embed-core-8.5.14.jar:8.5.14]
	at org.apache.coyote.http11.Http11Processor.service(Http11Processor.java:799) [tomcat-embed-core-8.5.14.jar:8.5.14]
	at org.apache.coyote.AbstractProcessorLight.process(AbstractProcessorLight.java:66) [tomcat-embed-core-8.5.14.jar:8.5.14]
	at org.apache.coyote.AbstractProtocol$ConnectionHandler.process(AbstractProtocol.java:861) [tomcat-embed-core-8.5.14.jar:8.5.14]
	at org.apache.tomcat.util.net.NioEndpoint$SocketProcessor.doRun(NioEndpoint.java:1455) [tomcat-embed-core-8.5.14.jar:8.5.14]
	at org.apache.tomcat.util.net.SocketProcessorBase.run(SocketProcessorBase.java:49) [tomcat-embed-core-8.5.14.jar:8.5.14]
	at java.util.concurrent.ThreadPoolExecutor.runWorker(ThreadPoolExecutor.java:1142) [?:1.8.0_91]
	at java.util.concurrent.ThreadPoolExecutor$Worker.run(ThreadPoolExecutor.java:617) [?:1.8.0_91]
	at org.apache.tomcat.util.threads.TaskThread$WrappingRunnable.run(TaskThread.java:61) [tomcat-embed-core-8.5.14.jar:8.5.14]
	at java.lang.Thread.run(Thread.java:745) [?:1.8.0_91]
Caused by: org.springframework.web.client.ResourceAccessException: I/O error on POST request for "http://localhost:10955/get": Connection refused: connect; nested exception is java.net.ConnectException: Connection refused: connect
	at org.springframework.web.client.RestTemplate.doExecute(RestTemplate.java:666) ~[spring-web-4.3.8.RELEASE.jar:4.3.8.RELEASE]
	at org.springframework.web.client.RestTemplate.execute(RestTemplate.java:613) ~[spring-web-4.3.8.RELEASE.jar:4.3.8.RELEASE]
	at org.springframework.web.client.RestTemplate.postForObject(RestTemplate.java:380) ~[spring-web-4.3.8.RELEASE.jar:4.3.8.RELEASE]
	at com.wherecanistream.frontend.auth.RestHandler.getUserByLoginID(RestHandler.java:33) ~[classes/:?]
	at com.wherecanistream.frontend.auth.UserDetailsServiceImpl.loadUserByUsername(UserDetailsServiceImpl.java:29) ~[classes/:?]
	at org.springframework.security.authentication.dao.DaoAuthenticationProvider.retrieveUser(DaoAuthenticationProvider.java:114) ~[spring-security-core-4.2.2.RELEASE.jar:4.2.2.RELEASE]
	... 57 more
Caused by: java.net.ConnectException: Connection refused: connect
	at java.net.DualStackPlainSocketImpl.connect0(Native Method) ~[?:1.8.0_91]
	at java.net.DualStackPlainSocketImpl.socketConnect(DualStackPlainSocketImpl.java:79) ~[?:1.8.0_91]
	at java.net.AbstractPlainSocketImpl.doConnect(AbstractPlainSocketImpl.java:350) ~[?:1.8.0_91]
	at java.net.AbstractPlainSocketImpl.connectToAddress(AbstractPlainSocketImpl.java:206) ~[?:1.8.0_91]
	at java.net.AbstractPlainSocketImpl.connect(AbstractPlainSocketImpl.java:188) ~[?:1.8.0_91]
	at java.net.PlainSocketImpl.connect(PlainSocketImpl.java:172) ~[?:1.8.0_91]
	at java.net.SocksSocketImpl.connect(SocksSocketImpl.java:392) ~[?:1.8.0_91]
	at java.net.Socket.connect(Socket.java:589) ~[?:1.8.0_91]
	at java.net.Socket.connect(Socket.java:538) ~[?:1.8.0_91]
	at sun.net.NetworkClient.doConnect(NetworkClient.java:180) ~[?:1.8.0_91]
	at sun.net.www.http.HttpClient.openServer(HttpClient.java:432) ~[?:1.8.0_91]
	at sun.net.www.http.HttpClient.openServer(HttpClient.java:527) ~[?:1.8.0_91]
	at sun.net.www.http.HttpClient.<init>(HttpClient.java:211) ~[?:1.8.0_91]
	at sun.net.www.http.HttpClient.New(HttpClient.java:308) ~[?:1.8.0_91]
	at sun.net.www.http.HttpClient.New(HttpClient.java:326) ~[?:1.8.0_91]
	at sun.net.www.protocol.http.HttpURLConnection.getNewHttpClient(HttpURLConnection.java:1169) ~[?:1.8.0_91]
	at sun.net.www.protocol.http.HttpURLConnection.plainConnect0(HttpURLConnection.java:1105) ~[?:1.8.0_91]
	at sun.net.www.protocol.http.HttpURLConnection.plainConnect(HttpURLConnection.java:999) ~[?:1.8.0_91]
	at sun.net.www.protocol.http.HttpURLConnection.connect(HttpURLConnection.java:933) ~[?:1.8.0_91]
	at org.springframework.http.client.SimpleBufferingClientHttpRequest.executeInternal(SimpleBufferingClientHttpRequest.java:78) ~[spring-web-4.3.8.RELEASE.jar:4.3.8.RELEASE]
	at org.springframework.http.client.AbstractBufferingClientHttpRequest.executeInternal(AbstractBufferingClientHttpRequest.java:48) ~[spring-web-4.3.8.RELEASE.jar:4.3.8.RELEASE]
	at org.springframework.http.client.AbstractClientHttpRequest.execute(AbstractClientHttpRequest.java:53) ~[spring-web-4.3.8.RELEASE.jar:4.3.8.RELEASE]
	at org.springframework.web.client.RestTemplate.doExecute(RestTemplate.java:652) ~[spring-web-4.3.8.RELEASE.jar:4.3.8.RELEASE]
	at org.springframework.web.client.RestTemplate.execute(RestTemplate.java:613) ~[spring-web-4.3.8.RELEASE.jar:4.3.8.RELEASE]
	at org.springframework.web.client.RestTemplate.postForObject(RestTemplate.java:380) ~[spring-web-4.3.8.RELEASE.jar:4.3.8.RELEASE]
	at com.wherecanistream.frontend.auth.RestHandler.getUserByLoginID(RestHandler.java:33) ~[classes/:?]
	at com.wherecanistream.frontend.auth.UserDetailsServiceImpl.loadUserByUsername(UserDetailsServiceImpl.java:29) ~[classes/:?]
	at org.springframework.security.authentication.dao.DaoAuthenticationProvider.retrieveUser(DaoAuthenticationProvider.java:114) ~[spring-security-core-4.2.2.RELEASE.jar:4.2.2.RELEASE]
	... 57 more

2017-05-12 10:38:00.730  WARN 60000 --- [http-nio-8080-exec-5] c.w.f.c.frontendController               : 
2017-05-12 10:40:54.461 ERROR 60000 --- [http-nio-8080-exec-10] w.a.UsernamePasswordAuthenticationFilter : An internal error occurred while trying to authenticate the user.

org.springframework.security.authentication.InternalAuthenticationServiceException: I/O error on POST request for "http://localhost:10955/get": Connection refused: connect; nested exception is java.net.ConnectException: Connection refused: connect
	at org.springframework.security.authentication.dao.DaoAuthenticationProvider.retrieveUser(DaoAuthenticationProvider.java:126) ~[spring-security-core-4.2.2.RELEASE.jar:4.2.2.RELEASE]
	at org.springframework.security.authentication.dao.AbstractUserDetailsAuthenticationProvider.authenticate(AbstractUserDetailsAuthenticationProvider.java:144) ~[spring-security-core-4.2.2.RELEASE.jar:4.2.2.RELEASE]
	at org.springframework.security.authentication.ProviderManager.authenticate(ProviderManager.java:174) ~[spring-security-core-4.2.2.RELEASE.jar:4.2.2.RELEASE]
	at org.springframework.security.authentication.ProviderManager.authenticate(ProviderManager.java:199) ~[spring-security-core-4.2.2.RELEASE.jar:4.2.2.RELEASE]
	at org.springframework.security.web.authentication.UsernamePasswordAuthenticationFilter.attemptAuthentication(UsernamePasswordAuthenticationFilter.java:94) ~[spring-security-web-4.2.2.RELEASE.jar:4.2.2.RELEASE]
	at org.springframework.security.web.authentication.AbstractAuthenticationProcessingFilter.doFilter(AbstractAuthenticationProcessingFilter.java:212) [spring-security-web-4.2.2.RELEASE.jar:4.2.2.RELEASE]
	at org.springframework.security.web.FilterChainProxy$VirtualFilterChain.doFilter(FilterChainProxy.java:331) [spring-security-web-4.2.2.RELEASE.jar:4.2.2.RELEASE]
	at org.springframework.security.web.authentication.logout.LogoutFilter.doFilter(LogoutFilter.java:116) [spring-security-web-4.2.2.RELEASE.jar:4.2.2.RELEASE]
	at org.springframework.security.web.FilterChainProxy$VirtualFilterChain.doFilter(FilterChainProxy.java:331) [spring-security-web-4.2.2.RELEASE.jar:4.2.2.RELEASE]
	at org.springframework.security.web.csrf.CsrfFilter.doFilterInternal(CsrfFilter.java:124) [spring-security-web-4.2.2.RELEASE.jar:4.2.2.RELEASE]
	at org.springframework.web.filter.OncePerRequestFilter.doFilter(OncePerRequestFilter.java:107) [spring-web-4.3.8.RELEASE.jar:4.3.8.RELEASE]
	at org.springframework.security.web.FilterChainProxy$VirtualFilterChain.doFilter(FilterChainProxy.java:331) [spring-security-web-4.2.2.RELEASE.jar:4.2.2.RELEASE]
	at org.springframework.security.web.header.HeaderWriterFilter.doFilterInternal(HeaderWriterFilter.java:64) [spring-security-web-4.2.2.RELEASE.jar:4.2.2.RELEASE]
	at org.springframework.web.filter.OncePerRequestFilter.doFilter(OncePerRequestFilter.java:107) [spring-web-4.3.8.RELEASE.jar:4.3.8.RELEASE]
	at org.springframework.security.web.FilterChainProxy$VirtualFilterChain.doFilter(FilterChainProxy.java:331) [spring-security-web-4.2.2.RELEASE.jar:4.2.2.RELEASE]
	at org.springframework.security.web.context.SecurityContextPersistenceFilter.doFilter(SecurityContextPersistenceFilter.java:105) [spring-security-web-4.2.2.RELEASE.jar:4.2.2.RELEASE]
	at org.springframework.security.web.FilterChainProxy$VirtualFilterChain.doFilter(FilterChainProxy.java:331) [spring-security-web-4.2.2.RELEASE.jar:4.2.2.RELEASE]
	at org.springframework.security.web.context.request.async.WebAsyncManagerIntegrationFilter.doFilterInternal(WebAsyncManagerIntegrationFilter.java:56) [spring-security-web-4.2.2.RELEASE.jar:4.2.2.RELEASE]
	at org.springframework.web.filter.OncePerRequestFilter.doFilter(OncePerRequestFilter.java:107) [spring-web-4.3.8.RELEASE.jar:4.3.8.RELEASE]
	at org.springframework.security.web.FilterChainProxy$VirtualFilterChain.doFilter(FilterChainProxy.java:331) [spring-security-web-4.2.2.RELEASE.jar:4.2.2.RELEASE]
	at org.springframework.security.web.FilterChainProxy.doFilterInternal(FilterChainProxy.java:214) [spring-security-web-4.2.2.RELEASE.jar:4.2.2.RELEASE]
	at org.springframework.security.web.FilterChainProxy.doFilter(FilterChainProxy.java:177) [spring-security-web-4.2.2.RELEASE.jar:4.2.2.RELEASE]
	at org.springframework.web.filter.DelegatingFilterProxy.invokeDelegate(DelegatingFilterProxy.java:346) [spring-web-4.3.8.RELEASE.jar:4.3.8.RELEASE]
	at org.springframework.web.filter.DelegatingFilterProxy.doFilter(DelegatingFilterProxy.java:262) [spring-web-4.3.8.RELEASE.jar:4.3.8.RELEASE]
	at org.apache.catalina.core.ApplicationFilterChain.internalDoFilter(ApplicationFilterChain.java:193) [tomcat-embed-core-8.5.14.jar:8.5.14]
	at org.apache.catalina.core.ApplicationFilterChain.doFilter(ApplicationFilterChain.java:166) [tomcat-embed-core-8.5.14.jar:8.5.14]
	at org.springframework.web.filter.RequestContextFilter.doFilterInternal(RequestContextFilter.java:99) [spring-web-4.3.8.RELEASE.jar:4.3.8.RELEASE]
	at org.springframework.web.filter.OncePerRequestFilter.doFilter(OncePerRequestFilter.java:107) [spring-web-4.3.8.RELEASE.jar:4.3.8.RELEASE]
	at org.apache.catalina.core.ApplicationFilterChain.internalDoFilter(ApplicationFilterChain.java:193) [tomcat-embed-core-8.5.14.jar:8.5.14]
	at org.apache.catalina.core.ApplicationFilterChain.doFilter(ApplicationFilterChain.java:166) [tomcat-embed-core-8.5.14.jar:8.5.14]
	at org.springframework.web.filter.HttpPutFormContentFilter.doFilterInternal(HttpPutFormContentFilter.java:105) [spring-web-4.3.8.RELEASE.jar:4.3.8.RELEASE]
	at org.springframework.web.filter.OncePerRequestFilter.doFilter(OncePerRequestFilter.java:107) [spring-web-4.3.8.RELEASE.jar:4.3.8.RELEASE]
	at org.apache.catalina.core.ApplicationFilterChain.internalDoFilter(ApplicationFilterChain.java:193) [tomcat-embed-core-8.5.14.jar:8.5.14]
	at org.apache.catalina.core.ApplicationFilterChain.doFilter(ApplicationFilterChain.java:166) [tomcat-embed-core-8.5.14.jar:8.5.14]
	at org.springframework.web.filter.HiddenHttpMethodFilter.doFilterInternal(HiddenHttpMethodFilter.java:81) [spring-web-4.3.8.RELEASE.jar:4.3.8.RELEASE]
	at org.springframework.web.filter.OncePerRequestFilter.doFilter(OncePerRequestFilter.java:107) [spring-web-4.3.8.RELEASE.jar:4.3.8.RELEASE]
	at org.apache.catalina.core.ApplicationFilterChain.internalDoFilter(ApplicationFilterChain.java:193) [tomcat-embed-core-8.5.14.jar:8.5.14]
	at org.apache.catalina.core.ApplicationFilterChain.doFilter(ApplicationFilterChain.java:166) [tomcat-embed-core-8.5.14.jar:8.5.14]
	at org.springframework.web.filter.CharacterEncodingFilter.doFilterInternal(CharacterEncodingFilter.java:197) [spring-web-4.3.8.RELEASE.jar:4.3.8.RELEASE]
	at org.springframework.web.filter.OncePerRequestFilter.doFilter(OncePerRequestFilter.java:107) [spring-web-4.3.8.RELEASE.jar:4.3.8.RELEASE]
	at org.apache.catalina.core.ApplicationFilterChain.internalDoFilter(ApplicationFilterChain.java:193) [tomcat-embed-core-8.5.14.jar:8.5.14]
	at org.apache.catalina.core.ApplicationFilterChain.doFilter(ApplicationFilterChain.java:166) [tomcat-embed-core-8.5.14.jar:8.5.14]
	at org.apache.catalina.core.StandardWrapperValve.invoke(StandardWrapperValve.java:198) [tomcat-embed-core-8.5.14.jar:8.5.14]
	at org.apache.catalina.core.StandardContextValve.invoke(StandardContextValve.java:96) [tomcat-embed-core-8.5.14.jar:8.5.14]
	at org.apache.catalina.authenticator.AuthenticatorBase.invoke(AuthenticatorBase.java:478) [tomcat-embed-core-8.5.14.jar:8.5.14]
	at org.apache.catalina.core.StandardHostValve.invoke(StandardHostValve.java:140) [tomcat-embed-core-8.5.14.jar:8.5.14]
	at org.apache.catalina.valves.ErrorReportValve.invoke(ErrorReportValve.java:80) [tomcat-embed-core-8.5.14.jar:8.5.14]
	at org.apache.catalina.core.StandardEngineValve.invoke(StandardEngineValve.java:87) [tomcat-embed-core-8.5.14.jar:8.5.14]
	at org.apache.catalina.connector.CoyoteAdapter.service(CoyoteAdapter.java:342) [tomcat-embed-core-8.5.14.jar:8.5.14]
	at org.apache.coyote.http11.Http11Processor.service(Http11Processor.java:799) [tomcat-embed-core-8.5.14.jar:8.5.14]
	at org.apache.coyote.AbstractProcessorLight.process(AbstractProcessorLight.java:66) [tomcat-embed-core-8.5.14.jar:8.5.14]
	at org.apache.coyote.AbstractProtocol$ConnectionHandler.process(AbstractProtocol.java:861) [tomcat-embed-core-8.5.14.jar:8.5.14]
	at org.apache.tomcat.util.net.NioEndpoint$SocketProcessor.doRun(NioEndpoint.java:1455) [tomcat-embed-core-8.5.14.jar:8.5.14]
	at org.apache.tomcat.util.net.SocketProcessorBase.run(SocketProcessorBase.java:49) [tomcat-embed-core-8.5.14.jar:8.5.14]
	at java.util.concurrent.ThreadPoolExecutor.runWorker(ThreadPoolExecutor.java:1142) [?:1.8.0_91]
	at java.util.concurrent.ThreadPoolExecutor$Worker.run(ThreadPoolExecutor.java:617) [?:1.8.0_91]
	at org.apache.tomcat.util.threads.TaskThread$WrappingRunnable.run(TaskThread.java:61) [tomcat-embed-core-8.5.14.jar:8.5.14]
	at java.lang.Thread.run(Thread.java:745) [?:1.8.0_91]
Caused by: org.springframework.web.client.ResourceAccessException: I/O error on POST request for "http://localhost:10955/get": Connection refused: connect; nested exception is java.net.ConnectException: Connection refused: connect
	at org.springframework.web.client.RestTemplate.doExecute(RestTemplate.java:666) ~[spring-web-4.3.8.RELEASE.jar:4.3.8.RELEASE]
	at org.springframework.web.client.RestTemplate.execute(RestTemplate.java:613) ~[spring-web-4.3.8.RELEASE.jar:4.3.8.RELEASE]
	at org.springframework.web.client.RestTemplate.postForObject(RestTemplate.java:380) ~[spring-web-4.3.8.RELEASE.jar:4.3.8.RELEASE]
	at com.wherecanistream.frontend.auth.RestHandler.getUserByLoginID(RestHandler.java:33) ~[classes/:?]
	at com.wherecanistream.frontend.auth.UserDetailsServiceImpl.loadUserByUsername(UserDetailsServiceImpl.java:29) ~[classes/:?]
	at org.springframework.security.authentication.dao.DaoAuthenticationProvider.retrieveUser(DaoAuthenticationProvider.java:114) ~[spring-security-core-4.2.2.RELEASE.jar:4.2.2.RELEASE]
	... 57 more
Caused by: java.net.ConnectException: Connection refused: connect
	at java.net.DualStackPlainSocketImpl.connect0(Native Method) ~[?:1.8.0_91]
	at java.net.DualStackPlainSocketImpl.socketConnect(DualStackPlainSocketImpl.java:79) ~[?:1.8.0_91]
	at java.net.AbstractPlainSocketImpl.doConnect(AbstractPlainSocketImpl.java:350) ~[?:1.8.0_91]
	at java.net.AbstractPlainSocketImpl.connectToAddress(AbstractPlainSocketImpl.java:206) ~[?:1.8.0_91]
	at java.net.AbstractPlainSocketImpl.connect(AbstractPlainSocketImpl.java:188) ~[?:1.8.0_91]
	at java.net.PlainSocketImpl.connect(PlainSocketImpl.java:172) ~[?:1.8.0_91]
	at java.net.SocksSocketImpl.connect(SocksSocketImpl.java:392) ~[?:1.8.0_91]
	at java.net.Socket.connect(Socket.java:589) ~[?:1.8.0_91]
	at java.net.Socket.connect(Socket.java:538) ~[?:1.8.0_91]
	at sun.net.NetworkClient.doConnect(NetworkClient.java:180) ~[?:1.8.0_91]
	at sun.net.www.http.HttpClient.openServer(HttpClient.java:432) ~[?:1.8.0_91]
	at sun.net.www.http.HttpClient.openServer(HttpClient.java:527) ~[?:1.8.0_91]
	at sun.net.www.http.HttpClient.<init>(HttpClient.java:211) ~[?:1.8.0_91]
	at sun.net.www.http.HttpClient.New(HttpClient.java:308) ~[?:1.8.0_91]
	at sun.net.www.http.HttpClient.New(HttpClient.java:326) ~[?:1.8.0_91]
	at sun.net.www.protocol.http.HttpURLConnection.getNewHttpClient(HttpURLConnection.java:1169) ~[?:1.8.0_91]
	at sun.net.www.protocol.http.HttpURLConnection.plainConnect0(HttpURLConnection.java:1105) ~[?:1.8.0_91]
	at sun.net.www.protocol.http.HttpURLConnection.plainConnect(HttpURLConnection.java:999) ~[?:1.8.0_91]
	at sun.net.www.protocol.http.HttpURLConnection.connect(HttpURLConnection.java:933) ~[?:1.8.0_91]
	at org.springframework.http.client.SimpleBufferingClientHttpRequest.executeInternal(SimpleBufferingClientHttpRequest.java:78) ~[spring-web-4.3.8.RELEASE.jar:4.3.8.RELEASE]
	at org.springframework.http.client.AbstractBufferingClientHttpRequest.executeInternal(AbstractBufferingClientHttpRequest.java:48) ~[spring-web-4.3.8.RELEASE.jar:4.3.8.RELEASE]
	at org.springframework.http.client.AbstractClientHttpRequest.execute(AbstractClientHttpRequest.java:53) ~[spring-web-4.3.8.RELEASE.jar:4.3.8.RELEASE]
	at org.springframework.web.client.RestTemplate.doExecute(RestTemplate.java:652) ~[spring-web-4.3.8.RELEASE.jar:4.3.8.RELEASE]
	at org.springframework.web.client.RestTemplate.execute(RestTemplate.java:613) ~[spring-web-4.3.8.RELEASE.jar:4.3.8.RELEASE]
	at org.springframework.web.client.RestTemplate.postForObject(RestTemplate.java:380) ~[spring-web-4.3.8.RELEASE.jar:4.3.8.RELEASE]
	at com.wherecanistream.frontend.auth.RestHandler.getUserByLoginID(RestHandler.java:33) ~[classes/:?]
	at com.wherecanistream.frontend.auth.UserDetailsServiceImpl.loadUserByUsername(UserDetailsServiceImpl.java:29) ~[classes/:?]
	at org.springframework.security.authentication.dao.DaoAuthenticationProvider.retrieveUser(DaoAuthenticationProvider.java:114) ~[spring-security-core-4.2.2.RELEASE.jar:4.2.2.RELEASE]
	... 57 more

2017-05-12 10:41:04.838  WARN 60000 --- [http-nio-8080-exec-9] c.w.f.c.frontendController               : 
2017-05-12 10:43:17.029  INFO 49072 --- [main] c.w.f.FrontendApplication                : Starting FrontendApplication on NO90WRK-EIRIK with PID 49072 (C:\whereCanIStream\whereCanIStream\target\classes started by djuve in C:\whereCanIStream\whereCanIStream)
2017-05-12 10:43:17.033  INFO 49072 --- [main] c.w.f.FrontendApplication                : No active profile set, falling back to default profiles: default
2017-05-12 10:43:17.248  INFO 49072 --- [main] ationConfigEmbeddedWebApplicationContext : Refreshing org.springframework.boot.context.embedded.AnnotationConfigEmbeddedWebApplicationContext@5a1de7fb: startup date [Fri May 12 10:43:17 CEST 2017]; root of context hierarchy
2017-05-12 10:43:18.482  INFO 49072 --- [main] s.b.c.e.t.TomcatEmbeddedServletContainer : Tomcat initialized with port(s): 8080 (http)
2017-05-12 10:43:18.491  INFO 49072 --- [main] o.a.c.c.StandardService                  : Starting service Tomcat
2017-05-12 10:43:18.492  INFO 49072 --- [main] o.a.c.c.StandardEngine                   : Starting Servlet Engine: Apache Tomcat/8.5.14
2017-05-12 10:43:18.578  INFO 49072 --- [localhost-startStop-1] o.a.c.c.C.[.[.[/]                        : Initializing Spring embedded WebApplicationContext
2017-05-12 10:43:18.759  INFO 49072 --- [localhost-startStop-1] o.s.b.w.s.FilterRegistrationBean         : Mapping filter: 'characterEncodingFilter' to: [/*]
2017-05-12 10:43:18.759  INFO 49072 --- [localhost-startStop-1] o.s.b.w.s.FilterRegistrationBean         : Mapping filter: 'hiddenHttpMethodFilter' to: [/*]
2017-05-12 10:43:18.759  INFO 49072 --- [localhost-startStop-1] o.s.b.w.s.FilterRegistrationBean         : Mapping filter: 'httpPutFormContentFilter' to: [/*]
2017-05-12 10:43:18.759  INFO 49072 --- [localhost-startStop-1] o.s.b.w.s.FilterRegistrationBean         : Mapping filter: 'requestContextFilter' to: [/*]
2017-05-12 10:43:18.761  INFO 49072 --- [localhost-startStop-1] .s.DelegatingFilterProxyRegistrationBean : Mapping filter: 'springSecurityFilterChain' to: [/*]
2017-05-12 10:43:18.761  INFO 49072 --- [localhost-startStop-1] o.s.b.w.s.ServletRegistrationBean        : Mapping servlet: 'dispatcherServlet' to [/]
2017-05-12 10:43:19.302  INFO 49072 --- [main] o.s.s.w.DefaultSecurityFilterChain       : Creating filter chain: org.springframework.security.web.util.matcher.AnyRequestMatcher@1, [org.springframework.security.web.context.request.async.WebAsyncManagerIntegrationFilter@6b6b3572, org.springframework.security.web.context.SecurityContextPersistenceFilter@474821de, org.springframework.security.web.header.HeaderWriterFilter@201c3cda, org.springframework.security.web.csrf.CsrfFilter@16a9eb2e, org.springframework.security.web.authentication.logout.LogoutFilter@22a10ac6, org.springframework.security.web.authentication.UsernamePasswordAuthenticationFilter@50f097b5, org.springframework.security.web.savedrequest.RequestCacheAwareFilter@5ec5ea63, org.springframework.security.web.servletapi.SecurityContextHolderAwareRequestFilter@7ff8a9dc, org.springframework.security.web.authentication.AnonymousAuthenticationFilter@65d8dff8, org.springframework.security.web.session.SessionManagementFilter@5d97caa4, org.springframework.security.web.access.ExceptionTranslationFilter@7d0d91a1, org.springframework.security.web.access.intercept.FilterSecurityInterceptor@7c2dfa2]
2017-05-12 10:43:20.080  INFO 49072 --- [main] o.s.j.e.a.AnnotationMBeanExporter        : Registering beans for JMX exposure on startup
2017-05-12 10:43:20.138  INFO 49072 --- [main] s.b.c.e.t.TomcatEmbeddedServletContainer : Tomcat started on port(s): 8080 (http)
2017-05-12 10:43:20.142  INFO 49072 --- [main] c.w.f.FrontendApplication                : Started FrontendApplication in 3.53 seconds (JVM running for 4.326)
2017-05-12 10:43:25.117  INFO 49072 --- [http-nio-8080-exec-1] o.a.c.c.C.[.[.[/]                        : Initializing Spring FrameworkServlet 'dispatcherServlet'
2017-05-12 10:45:10.030 ERROR 49072 --- [http-nio-8080-exec-3] c.w.f.a.RestHandler                      : org.springframework.web.client.ResourceAccessException: I/O error on POST request for "http://localhost:10955/get": Connection refused: connect; nested exception is java.net.ConnectException: Connection refused: connect
2017-05-12 10:45:10.033 ERROR 49072 --- [http-nio-8080-exec-3] w.a.UsernamePasswordAuthenticationFilter : An internal error occurred while trying to authenticate the user.

org.springframework.security.authentication.InternalAuthenticationServiceException: null
	at org.springframework.security.authentication.dao.DaoAuthenticationProvider.retrieveUser(DaoAuthenticationProvider.java:126) ~[spring-security-core-4.2.2.RELEASE.jar:4.2.2.RELEASE]
	at org.springframework.security.authentication.dao.AbstractUserDetailsAuthenticationProvider.authenticate(AbstractUserDetailsAuthenticationProvider.java:144) ~[spring-security-core-4.2.2.RELEASE.jar:4.2.2.RELEASE]
	at org.springframework.security.authentication.ProviderManager.authenticate(ProviderManager.java:174) ~[spring-security-core-4.2.2.RELEASE.jar:4.2.2.RELEASE]
	at org.springframework.security.authentication.ProviderManager.authenticate(ProviderManager.java:199) ~[spring-security-core-4.2.2.RELEASE.jar:4.2.2.RELEASE]
	at org.springframework.security.web.authentication.UsernamePasswordAuthenticationFilter.attemptAuthentication(UsernamePasswordAuthenticationFilter.java:94) ~[spring-security-web-4.2.2.RELEASE.jar:4.2.2.RELEASE]
	at org.springframework.security.web.authentication.AbstractAuthenticationProcessingFilter.doFilter(AbstractAuthenticationProcessingFilter.java:212) [spring-security-web-4.2.2.RELEASE.jar:4.2.2.RELEASE]
	at org.springframework.security.web.FilterChainProxy$VirtualFilterChain.doFilter(FilterChainProxy.java:331) [spring-security-web-4.2.2.RELEASE.jar:4.2.2.RELEASE]
	at org.springframework.security.web.authentication.logout.LogoutFilter.doFilter(LogoutFilter.java:116) [spring-security-web-4.2.2.RELEASE.jar:4.2.2.RELEASE]
	at org.springframework.security.web.FilterChainProxy$VirtualFilterChain.doFilter(FilterChainProxy.java:331) [spring-security-web-4.2.2.RELEASE.jar:4.2.2.RELEASE]
	at org.springframework.security.web.csrf.CsrfFilter.doFilterInternal(CsrfFilter.java:124) [spring-security-web-4.2.2.RELEASE.jar:4.2.2.RELEASE]
	at org.springframework.web.filter.OncePerRequestFilter.doFilter(OncePerRequestFilter.java:107) [spring-web-4.3.8.RELEASE.jar:4.3.8.RELEASE]
	at org.springframework.security.web.FilterChainProxy$VirtualFilterChain.doFilter(FilterChainProxy.java:331) [spring-security-web-4.2.2.RELEASE.jar:4.2.2.RELEASE]
	at org.springframework.security.web.header.HeaderWriterFilter.doFilterInternal(HeaderWriterFilter.java:64) [spring-security-web-4.2.2.RELEASE.jar:4.2.2.RELEASE]
	at org.springframework.web.filter.OncePerRequestFilter.doFilter(OncePerRequestFilter.java:107) [spring-web-4.3.8.RELEASE.jar:4.3.8.RELEASE]
	at org.springframework.security.web.FilterChainProxy$VirtualFilterChain.doFilter(FilterChainProxy.java:331) [spring-security-web-4.2.2.RELEASE.jar:4.2.2.RELEASE]
	at org.springframework.security.web.context.SecurityContextPersistenceFilter.doFilter(SecurityContextPersistenceFilter.java:105) [spring-security-web-4.2.2.RELEASE.jar:4.2.2.RELEASE]
	at org.springframework.security.web.FilterChainProxy$VirtualFilterChain.doFilter(FilterChainProxy.java:331) [spring-security-web-4.2.2.RELEASE.jar:4.2.2.RELEASE]
	at org.springframework.security.web.context.request.async.WebAsyncManagerIntegrationFilter.doFilterInternal(WebAsyncManagerIntegrationFilter.java:56) [spring-security-web-4.2.2.RELEASE.jar:4.2.2.RELEASE]
	at org.springframework.web.filter.OncePerRequestFilter.doFilter(OncePerRequestFilter.java:107) [spring-web-4.3.8.RELEASE.jar:4.3.8.RELEASE]
	at org.springframework.security.web.FilterChainProxy$VirtualFilterChain.doFilter(FilterChainProxy.java:331) [spring-security-web-4.2.2.RELEASE.jar:4.2.2.RELEASE]
	at org.springframework.security.web.FilterChainProxy.doFilterInternal(FilterChainProxy.java:214) [spring-security-web-4.2.2.RELEASE.jar:4.2.2.RELEASE]
	at org.springframework.security.web.FilterChainProxy.doFilter(FilterChainProxy.java:177) [spring-security-web-4.2.2.RELEASE.jar:4.2.2.RELEASE]
	at org.springframework.web.filter.DelegatingFilterProxy.invokeDelegate(DelegatingFilterProxy.java:346) [spring-web-4.3.8.RELEASE.jar:4.3.8.RELEASE]
	at org.springframework.web.filter.DelegatingFilterProxy.doFilter(DelegatingFilterProxy.java:262) [spring-web-4.3.8.RELEASE.jar:4.3.8.RELEASE]
	at org.apache.catalina.core.ApplicationFilterChain.internalDoFilter(ApplicationFilterChain.java:193) [tomcat-embed-core-8.5.14.jar:8.5.14]
	at org.apache.catalina.core.ApplicationFilterChain.doFilter(ApplicationFilterChain.java:166) [tomcat-embed-core-8.5.14.jar:8.5.14]
	at org.springframework.web.filter.RequestContextFilter.doFilterInternal(RequestContextFilter.java:99) [spring-web-4.3.8.RELEASE.jar:4.3.8.RELEASE]
	at org.springframework.web.filter.OncePerRequestFilter.doFilter(OncePerRequestFilter.java:107) [spring-web-4.3.8.RELEASE.jar:4.3.8.RELEASE]
	at org.apache.catalina.core.ApplicationFilterChain.internalDoFilter(ApplicationFilterChain.java:193) [tomcat-embed-core-8.5.14.jar:8.5.14]
	at org.apache.catalina.core.ApplicationFilterChain.doFilter(ApplicationFilterChain.java:166) [tomcat-embed-core-8.5.14.jar:8.5.14]
	at org.springframework.web.filter.HttpPutFormContentFilter.doFilterInternal(HttpPutFormContentFilter.java:105) [spring-web-4.3.8.RELEASE.jar:4.3.8.RELEASE]
	at org.springframework.web.filter.OncePerRequestFilter.doFilter(OncePerRequestFilter.java:107) [spring-web-4.3.8.RELEASE.jar:4.3.8.RELEASE]
	at org.apache.catalina.core.ApplicationFilterChain.internalDoFilter(ApplicationFilterChain.java:193) [tomcat-embed-core-8.5.14.jar:8.5.14]
	at org.apache.catalina.core.ApplicationFilterChain.doFilter(ApplicationFilterChain.java:166) [tomcat-embed-core-8.5.14.jar:8.5.14]
	at org.springframework.web.filter.HiddenHttpMethodFilter.doFilterInternal(HiddenHttpMethodFilter.java:81) [spring-web-4.3.8.RELEASE.jar:4.3.8.RELEASE]
	at org.springframework.web.filter.OncePerRequestFilter.doFilter(OncePerRequestFilter.java:107) [spring-web-4.3.8.RELEASE.jar:4.3.8.RELEASE]
	at org.apache.catalina.core.ApplicationFilterChain.internalDoFilter(ApplicationFilterChain.java:193) [tomcat-embed-core-8.5.14.jar:8.5.14]
	at org.apache.catalina.core.ApplicationFilterChain.doFilter(ApplicationFilterChain.java:166) [tomcat-embed-core-8.5.14.jar:8.5.14]
	at org.springframework.web.filter.CharacterEncodingFilter.doFilterInternal(CharacterEncodingFilter.java:197) [spring-web-4.3.8.RELEASE.jar:4.3.8.RELEASE]
	at org.springframework.web.filter.OncePerRequestFilter.doFilter(OncePerRequestFilter.java:107) [spring-web-4.3.8.RELEASE.jar:4.3.8.RELEASE]
	at org.apache.catalina.core.ApplicationFilterChain.internalDoFilter(ApplicationFilterChain.java:193) [tomcat-embed-core-8.5.14.jar:8.5.14]
	at org.apache.catalina.core.ApplicationFilterChain.doFilter(ApplicationFilterChain.java:166) [tomcat-embed-core-8.5.14.jar:8.5.14]
	at org.apache.catalina.core.StandardWrapperValve.invoke(StandardWrapperValve.java:198) [tomcat-embed-core-8.5.14.jar:8.5.14]
	at org.apache.catalina.core.StandardContextValve.invoke(StandardContextValve.java:96) [tomcat-embed-core-8.5.14.jar:8.5.14]
	at org.apache.catalina.authenticator.AuthenticatorBase.invoke(AuthenticatorBase.java:478) [tomcat-embed-core-8.5.14.jar:8.5.14]
	at org.apache.catalina.core.StandardHostValve.invoke(StandardHostValve.java:140) [tomcat-embed-core-8.5.14.jar:8.5.14]
	at org.apache.catalina.valves.ErrorReportValve.invoke(ErrorReportValve.java:80) [tomcat-embed-core-8.5.14.jar:8.5.14]
	at org.apache.catalina.core.StandardEngineValve.invoke(StandardEngineValve.java:87) [tomcat-embed-core-8.5.14.jar:8.5.14]
	at org.apache.catalina.connector.CoyoteAdapter.service(CoyoteAdapter.java:342) [tomcat-embed-core-8.5.14.jar:8.5.14]
	at org.apache.coyote.http11.Http11Processor.service(Http11Processor.java:799) [tomcat-embed-core-8.5.14.jar:8.5.14]
	at org.apache.coyote.AbstractProcessorLight.process(AbstractProcessorLight.java:66) [tomcat-embed-core-8.5.14.jar:8.5.14]
	at org.apache.coyote.AbstractProtocol$ConnectionHandler.process(AbstractProtocol.java:861) [tomcat-embed-core-8.5.14.jar:8.5.14]
	at org.apache.tomcat.util.net.NioEndpoint$SocketProcessor.doRun(NioEndpoint.java:1455) [tomcat-embed-core-8.5.14.jar:8.5.14]
	at org.apache.tomcat.util.net.SocketProcessorBase.run(SocketProcessorBase.java:49) [tomcat-embed-core-8.5.14.jar:8.5.14]
	at java.util.concurrent.ThreadPoolExecutor.runWorker(ThreadPoolExecutor.java:1142) [?:1.8.0_91]
	at java.util.concurrent.ThreadPoolExecutor$Worker.run(ThreadPoolExecutor.java:617) [?:1.8.0_91]
	at org.apache.tomcat.util.threads.TaskThread$WrappingRunnable.run(TaskThread.java:61) [tomcat-embed-core-8.5.14.jar:8.5.14]
	at java.lang.Thread.run(Thread.java:745) [?:1.8.0_91]
Caused by: java.lang.NullPointerException
	at com.wherecanistream.frontend.auth.UserDetailsServiceImpl.loadUserByUsername(UserDetailsServiceImpl.java:35) ~[classes/:?]
	at org.springframework.security.authentication.dao.DaoAuthenticationProvider.retrieveUser(DaoAuthenticationProvider.java:114) ~[spring-security-core-4.2.2.RELEASE.jar:4.2.2.RELEASE]
	... 57 more

2017-05-12 10:45:10.046  WARN 49072 --- [http-nio-8080-exec-5] c.w.f.c.frontendController               : login failed
2017-05-12 10:45:13.217  INFO 45400 --- [main] c.w.f.FrontendApplication                : Starting FrontendApplication on NO90WRK-EIRIK with PID 45400 (C:\whereCanIStream\whereCanIStream\target\classes started by djuve in C:\whereCanIStream\whereCanIStream)
2017-05-12 10:45:13.222  INFO 45400 --- [main] c.w.f.FrontendApplication                : No active profile set, falling back to default profiles: default
2017-05-12 10:45:13.431  INFO 45400 --- [main] ationConfigEmbeddedWebApplicationContext : Refreshing org.springframework.boot.context.embedded.AnnotationConfigEmbeddedWebApplicationContext@5a1de7fb: startup date [Fri May 12 10:45:13 CEST 2017]; root of context hierarchy
2017-05-12 10:45:14.625  INFO 45400 --- [main] s.b.c.e.t.TomcatEmbeddedServletContainer : Tomcat initialized with port(s): 8080 (http)
2017-05-12 10:45:14.634  INFO 45400 --- [main] o.a.c.c.StandardService                  : Starting service Tomcat
2017-05-12 10:45:14.636  INFO 45400 --- [main] o.a.c.c.StandardEngine                   : Starting Servlet Engine: Apache Tomcat/8.5.14
2017-05-12 10:45:14.720  INFO 45400 --- [localhost-startStop-1] o.a.c.c.C.[.[.[/]                        : Initializing Spring embedded WebApplicationContext
2017-05-12 10:45:14.902  INFO 45400 --- [localhost-startStop-1] o.s.b.w.s.FilterRegistrationBean         : Mapping filter: 'characterEncodingFilter' to: [/*]
2017-05-12 10:45:14.902  INFO 45400 --- [localhost-startStop-1] o.s.b.w.s.FilterRegistrationBean         : Mapping filter: 'hiddenHttpMethodFilter' to: [/*]
2017-05-12 10:45:14.902  INFO 45400 --- [localhost-startStop-1] o.s.b.w.s.FilterRegistrationBean         : Mapping filter: 'httpPutFormContentFilter' to: [/*]
2017-05-12 10:45:14.902  INFO 45400 --- [localhost-startStop-1] o.s.b.w.s.FilterRegistrationBean         : Mapping filter: 'requestContextFilter' to: [/*]
2017-05-12 10:45:14.904  INFO 45400 --- [localhost-startStop-1] .s.DelegatingFilterProxyRegistrationBean : Mapping filter: 'springSecurityFilterChain' to: [/*]
2017-05-12 10:45:14.904  INFO 45400 --- [localhost-startStop-1] o.s.b.w.s.ServletRegistrationBean        : Mapping servlet: 'dispatcherServlet' to [/]
2017-05-12 10:45:15.431  INFO 45400 --- [main] o.s.s.w.DefaultSecurityFilterChain       : Creating filter chain: org.springframework.security.web.util.matcher.AnyRequestMatcher@1, [org.springframework.security.web.context.request.async.WebAsyncManagerIntegrationFilter@65d8dff8, org.springframework.security.web.context.SecurityContextPersistenceFilter@3d64c581, org.springframework.security.web.header.HeaderWriterFilter@4c86da0c, org.springframework.security.web.csrf.CsrfFilter@76332405, org.springframework.security.web.authentication.logout.LogoutFilter@12fe1f28, org.springframework.security.web.authentication.UsernamePasswordAuthenticationFilter@7add838c, org.springframework.security.web.savedrequest.RequestCacheAwareFilter@4190bc8a, org.springframework.security.web.servletapi.SecurityContextHolderAwareRequestFilter@2cde651b, org.springframework.security.web.authentication.AnonymousAuthenticationFilter@444f44c5, org.springframework.security.web.session.SessionManagementFilter@6732726, org.springframework.security.web.access.ExceptionTranslationFilter@7fb48179, org.springframework.security.web.access.intercept.FilterSecurityInterceptor@661d88a]
2017-05-12 10:45:16.193  INFO 45400 --- [main] o.s.j.e.a.AnnotationMBeanExporter        : Registering beans for JMX exposure on startup
2017-05-12 10:45:16.252  INFO 45400 --- [main] s.b.c.e.t.TomcatEmbeddedServletContainer : Tomcat started on port(s): 8080 (http)
2017-05-12 10:45:16.256  INFO 45400 --- [main] c.w.f.FrontendApplication                : Started FrontendApplication in 3.537 seconds (JVM running for 4.212)
2017-05-12 11:44:13.634  INFO 59236 --- [main] c.w.f.FrontendApplication                : Starting FrontendApplication on NO90WRK-EIRIK with PID 59236 (C:\whereCanIStream\whereCanIStream\target\classes started by djuve in C:\whereCanIStream\whereCanIStream)
2017-05-12 11:44:13.638  INFO 59236 --- [main] c.w.f.FrontendApplication                : No active profile set, falling back to default profiles: default
2017-05-12 11:44:13.850  INFO 59236 --- [main] ationConfigEmbeddedWebApplicationContext : Refreshing org.springframework.boot.context.embedded.AnnotationConfigEmbeddedWebApplicationContext@747ddf94: startup date [Fri May 12 11:44:13 CEST 2017]; root of context hierarchy
2017-05-12 11:44:15.010  INFO 59236 --- [main] s.b.c.e.t.TomcatEmbeddedServletContainer : Tomcat initialized with port(s): 8080 (http)
2017-05-12 11:44:15.019  INFO 59236 --- [main] o.a.c.c.StandardService                  : Starting service Tomcat
2017-05-12 11:44:15.020  INFO 59236 --- [main] o.a.c.c.StandardEngine                   : Starting Servlet Engine: Apache Tomcat/8.5.14
2017-05-12 11:44:15.452  INFO 59236 --- [localhost-startStop-1] o.a.c.c.C.[.[.[/]                        : Initializing Spring embedded WebApplicationContext
2017-05-12 11:44:15.589  INFO 59236 --- [localhost-startStop-1] o.s.b.w.s.FilterRegistrationBean         : Mapping filter: 'characterEncodingFilter' to: [/*]
2017-05-12 11:44:15.590  INFO 59236 --- [localhost-startStop-1] o.s.b.w.s.FilterRegistrationBean         : Mapping filter: 'hiddenHttpMethodFilter' to: [/*]
2017-05-12 11:44:15.590  INFO 59236 --- [localhost-startStop-1] o.s.b.w.s.FilterRegistrationBean         : Mapping filter: 'httpPutFormContentFilter' to: [/*]
2017-05-12 11:44:15.590  INFO 59236 --- [localhost-startStop-1] o.s.b.w.s.FilterRegistrationBean         : Mapping filter: 'requestContextFilter' to: [/*]
2017-05-12 11:44:15.592  INFO 59236 --- [localhost-startStop-1] .s.DelegatingFilterProxyRegistrationBean : Mapping filter: 'springSecurityFilterChain' to: [/*]
2017-05-12 11:44:15.592  INFO 59236 --- [localhost-startStop-1] o.s.b.w.s.ServletRegistrationBean        : Mapping servlet: 'dispatcherServlet' to [/]
2017-05-12 11:44:16.035  INFO 59236 --- [main] o.s.s.w.DefaultSecurityFilterChain       : Creating filter chain: org.springframework.security.web.util.matcher.AnyRequestMatcher@1, [org.springframework.security.web.context.request.async.WebAsyncManagerIntegrationFilter@73a00e09, org.springframework.security.web.context.SecurityContextPersistenceFilter@4bb8855f, org.springframework.security.web.header.HeaderWriterFilter@76954a33, org.springframework.security.web.csrf.CsrfFilter@6fca2a8f, org.springframework.security.web.authentication.logout.LogoutFilter@5c92166b, org.springframework.security.web.authentication.UsernamePasswordAuthenticationFilter@67001148, org.springframework.security.web.savedrequest.RequestCacheAwareFilter@4a29f290, org.springframework.security.web.servletapi.SecurityContextHolderAwareRequestFilter@3c89bb12, org.springframework.security.web.authentication.AnonymousAuthenticationFilter@26dcd8c0, org.springframework.security.web.session.SessionManagementFilter@982bb90, org.springframework.security.web.access.ExceptionTranslationFilter@2a49fe, org.springframework.security.web.access.intercept.FilterSecurityInterceptor@629f066f]
2017-05-12 11:44:16.542  INFO 59236 --- [main] o.s.j.e.a.AnnotationMBeanExporter        : Registering beans for JMX exposure on startup
2017-05-12 11:44:16.592  INFO 59236 --- [main] s.b.c.e.t.TomcatEmbeddedServletContainer : Tomcat started on port(s): 8080 (http)
2017-05-12 11:44:16.596  INFO 59236 --- [main] c.w.f.FrontendApplication                : Started FrontendApplication in 3.3 seconds (JVM running for 4.996)
2017-05-12 12:39:47.494  INFO 9840 --- [main] c.w.f.FrontendApplicationTests           : Starting FrontendApplicationTests on NO90WRK-EIRIK with PID 9840 (started by djuve in C:\whereCanIStream\whereCanIStream)
2017-05-12 12:39:47.499  INFO 9840 --- [main] c.w.f.FrontendApplicationTests           : No active profile set, falling back to default profiles: default
2017-05-12 12:39:49.642  INFO 9840 --- [main] o.s.s.w.DefaultSecurityFilterChain       : Creating filter chain: org.springframework.security.web.util.matcher.AnyRequestMatcher@1, [org.springframework.security.web.context.request.async.WebAsyncManagerIntegrationFilter@23f72d88, org.springframework.security.web.context.SecurityContextPersistenceFilter@2264e43c, org.springframework.security.web.header.HeaderWriterFilter@a137d7a, org.springframework.security.web.csrf.CsrfFilter@11bd803, org.springframework.security.web.authentication.logout.LogoutFilter@3ac8cf9b, org.springframework.security.web.authentication.UsernamePasswordAuthenticationFilter@3b95d13c, org.springframework.security.web.savedrequest.RequestCacheAwareFilter@31da3d60, org.springframework.security.web.servletapi.SecurityContextHolderAwareRequestFilter@7a1f8def, org.springframework.security.web.authentication.AnonymousAuthenticationFilter@4bafe935, org.springframework.security.web.session.SessionManagementFilter@468be356, org.springframework.security.web.access.ExceptionTranslationFilter@4ab550d5, org.springframework.security.web.access.intercept.FilterSecurityInterceptor@7318daf8]
2017-05-12 12:39:50.709  INFO 9840 --- [main] c.w.f.FrontendApplicationTests           : Started FrontendApplicationTests in 3.58 seconds (JVM running for 5.511)
2017-05-12 14:04:05.500  INFO 8996 --- [main] c.w.f.FrontendApplication                : Starting FrontendApplication on NO90WRK-EIRIK with PID 8996 (C:\whereCanIStream\whereCanIStream\target\classes started by djuve in C:\whereCanIStream\whereCanIStream)
2017-05-12 14:04:05.505  INFO 8996 --- [main] c.w.f.FrontendApplication                : No active profile set, falling back to default profiles: default
2017-05-12 14:04:05.808  INFO 8996 --- [main] ationConfigEmbeddedWebApplicationContext : Refreshing org.springframework.boot.context.embedded.AnnotationConfigEmbeddedWebApplicationContext@5a1de7fb: startup date [Fri May 12 14:04:05 CEST 2017]; root of context hierarchy
2017-05-12 14:04:07.209  INFO 8996 --- [main] s.b.c.e.t.TomcatEmbeddedServletContainer : Tomcat initialized with port(s): 8080 (http)
2017-05-12 14:04:07.217  INFO 8996 --- [main] o.a.c.c.StandardService                  : Starting service Tomcat
2017-05-12 14:04:07.219  INFO 8996 --- [main] o.a.c.c.StandardEngine                   : Starting Servlet Engine: Apache Tomcat/8.5.14
2017-05-12 14:04:07.310  INFO 8996 --- [localhost-startStop-1] o.a.c.c.C.[.[.[/]                        : Initializing Spring embedded WebApplicationContext
2017-05-12 14:04:07.489  INFO 8996 --- [localhost-startStop-1] o.s.b.w.s.FilterRegistrationBean         : Mapping filter: 'characterEncodingFilter' to: [/*]
2017-05-12 14:04:07.490  INFO 8996 --- [localhost-startStop-1] o.s.b.w.s.FilterRegistrationBean         : Mapping filter: 'hiddenHttpMethodFilter' to: [/*]
2017-05-12 14:04:07.490  INFO 8996 --- [localhost-startStop-1] o.s.b.w.s.FilterRegistrationBean         : Mapping filter: 'httpPutFormContentFilter' to: [/*]
2017-05-12 14:04:07.490  INFO 8996 --- [localhost-startStop-1] o.s.b.w.s.FilterRegistrationBean         : Mapping filter: 'requestContextFilter' to: [/*]
2017-05-12 14:04:07.492  INFO 8996 --- [localhost-startStop-1] .s.DelegatingFilterProxyRegistrationBean : Mapping filter: 'springSecurityFilterChain' to: [/*]
2017-05-12 14:04:07.492  INFO 8996 --- [localhost-startStop-1] o.s.b.w.s.ServletRegistrationBean        : Mapping servlet: 'dispatcherServlet' to [/]
2017-05-12 14:04:08.209  INFO 8996 --- [main] o.s.s.w.DefaultSecurityFilterChain       : Creating filter chain: org.springframework.security.web.util.matcher.AnyRequestMatcher@1, [org.springframework.security.web.context.request.async.WebAsyncManagerIntegrationFilter@f9f3928, org.springframework.security.web.context.SecurityContextPersistenceFilter@51b01550, org.springframework.security.web.header.HeaderWriterFilter@5edc70ed, org.springframework.security.web.csrf.CsrfFilter@1bb740f2, org.springframework.security.web.authentication.logout.LogoutFilter@120d3fd, org.springframework.security.web.authentication.UsernamePasswordAuthenticationFilter@6056232d, org.springframework.security.web.savedrequest.RequestCacheAwareFilter@3337d04c, org.springframework.security.web.servletapi.SecurityContextHolderAwareRequestFilter@2f3166a, org.springframework.security.web.authentication.AnonymousAuthenticationFilter@404eca05, org.springframework.security.web.session.SessionManagementFilter@7e4c72d6, org.springframework.security.web.access.ExceptionTranslationFilter@61ab89b0, org.springframework.security.web.access.intercept.FilterSecurityInterceptor@61bcbcce]
2017-05-12 14:04:09.003  INFO 8996 --- [main] o.s.j.e.a.AnnotationMBeanExporter        : Registering beans for JMX exposure on startup
2017-05-12 14:04:09.060  INFO 8996 --- [main] s.b.c.e.t.TomcatEmbeddedServletContainer : Tomcat started on port(s): 8080 (http)
2017-05-12 14:04:09.064  INFO 8996 --- [main] c.w.f.FrontendApplication                : Started FrontendApplication in 4.043 seconds (JVM running for 4.793)
2017-05-12 14:07:25.339  INFO 8996 --- [http-nio-8080-exec-2] o.a.c.c.C.[.[.[/]                        : Initializing Spring FrameworkServlet 'dispatcherServlet'
2017-05-12 14:07:41.258  WARN 8996 --- [http-nio-8080-exec-6] o.s.s.c.b.BCryptPasswordEncoder          : Encoded password does not look like BCrypt
2017-05-12 14:07:41.264  WARN 8996 --- [http-nio-8080-exec-8] c.w.f.c.frontendController               : login failed
2017-05-12 14:09:30.734  WARN 8996 --- [http-nio-8080-exec-8] o.s.s.c.b.BCryptPasswordEncoder          : Encoded password does not look like BCrypt
2017-05-12 14:09:30.737  WARN 8996 --- [http-nio-8080-exec-9] c.w.f.c.frontendController               : login failed
2017-05-12 14:09:36.637  WARN 8996 --- [http-nio-8080-exec-10] o.s.s.c.b.BCryptPasswordEncoder          : Encoded password does not look like BCrypt
2017-05-12 14:09:36.640  WARN 8996 --- [http-nio-8080-exec-2] c.w.f.c.frontendController               : login failed
2017-05-12 14:09:43.864  WARN 8996 --- [http-nio-8080-exec-1] o.s.s.c.b.BCryptPasswordEncoder          : Encoded password does not look like BCrypt
2017-05-12 14:09:43.867  WARN 8996 --- [http-nio-8080-exec-3] c.w.f.c.frontendController               : login failed
2017-05-16 08:58:03.959  INFO 13988 --- [main] c.w.f.FrontendApplicationTests           : Starting FrontendApplicationTests on NO90WRK-EIRIK with PID 13988 (started by djuve in C:\whereCanIStream\whereCanIStream)
2017-05-16 08:58:03.965  INFO 13988 --- [main] c.w.f.FrontendApplicationTests           : No active profile set, falling back to default profiles: default
2017-05-16 08:58:06.179  INFO 13988 --- [main] o.s.s.w.DefaultSecurityFilterChain       : Creating filter chain: org.springframework.security.web.util.matcher.AnyRequestMatcher@1, [org.springframework.security.web.context.request.async.WebAsyncManagerIntegrationFilter@70331432, org.springframework.security.web.context.SecurityContextPersistenceFilter@4248e66b, org.springframework.security.web.header.HeaderWriterFilter@563a89b5, org.springframework.security.web.csrf.CsrfFilter@4df39a88, org.springframework.security.web.authentication.logout.LogoutFilter@4d178d55, org.springframework.security.web.authentication.UsernamePasswordAuthenticationFilter@30c0d731, org.springframework.security.web.savedrequest.RequestCacheAwareFilter@66ad7bf0, org.springframework.security.web.servletapi.SecurityContextHolderAwareRequestFilter@7a8136b3, org.springframework.security.web.authentication.AnonymousAuthenticationFilter@3bbf9027, org.springframework.security.web.session.SessionManagementFilter@270b6b5e, org.springframework.security.web.access.ExceptionTranslationFilter@4038cd3a, org.springframework.security.web.access.intercept.FilterSecurityInterceptor@128c502c]
2017-05-16 08:58:07.165  INFO 13988 --- [main] c.w.f.FrontendApplicationTests           : Started FrontendApplicationTests in 3.569 seconds (JVM running for 4.929)
2017-05-16 09:10:23.601  INFO 6412 --- [main] c.w.f.FrontendApplicationTests           : Starting FrontendApplicationTests on NO90WRK-EIRIK with PID 6412 (started by djuve in C:\whereCanIStream\whereCanIStream)
2017-05-16 09:10:23.606  INFO 6412 --- [main] c.w.f.FrontendApplicationTests           : No active profile set, falling back to default profiles: default
2017-05-16 09:10:25.607  INFO 6412 --- [main] o.s.s.w.DefaultSecurityFilterChain       : Creating filter chain: org.springframework.security.web.util.matcher.AnyRequestMatcher@1, [org.springframework.security.web.context.request.async.WebAsyncManagerIntegrationFilter@30669dac, org.springframework.security.web.context.SecurityContextPersistenceFilter@506dcf55, org.springframework.security.web.header.HeaderWriterFilter@15d0849, org.springframework.security.web.csrf.CsrfFilter@a137d7a, org.springframework.security.web.authentication.logout.LogoutFilter@1de6932a, org.springframework.security.web.authentication.UsernamePasswordAuthenticationFilter@2b917fb0, org.springframework.security.web.savedrequest.RequestCacheAwareFilter@7e94d093, org.springframework.security.web.servletapi.SecurityContextHolderAwareRequestFilter@c1fa7d4, org.springframework.security.web.authentication.AnonymousAuthenticationFilter@629adce, org.springframework.security.web.session.SessionManagementFilter@14ac77b9, org.springframework.security.web.access.ExceptionTranslationFilter@ce9b9a9, org.springframework.security.web.access.intercept.FilterSecurityInterceptor@6c796cc1]
2017-05-16 09:10:26.552  INFO 6412 --- [main] c.w.f.FrontendApplicationTests           : Started FrontendApplicationTests in 3.255 seconds (JVM running for 4.084)
